{"meta": {"format": 3, "version": "7.9.2", "timestamp": "2026-07-01T14:15:28.420401", "branch_coverage": false, "show_contexts": false}, "files": {"src\\review_insights\\__init__.py": {"executed_lines": [1, 3], "summary": {"covered_lines": 1, "num_statements": 1, "percent_covered": 100.0, "percent_covered_display": "100", "missing_lines": 0, "excluded_lines": 0}, "missing_lines": [], "excluded_lines": [], "functions": {"": {"executed_lines": [1, 3], "summary": {"covered_lines": 1, "num_statements": 1, "percent_covered": 100.0, "percent_covered_display": "100", "missing_lines": 0, "excluded_lines": 0}, "missing_lines": [], "excluded_lines": []}}, "classes": {"": {"executed_lines": [1, 3], "summary": {"covered_lines": 1, "num_statements": 1, "percent_covered": 100.0, "percent_covered_display": "100", "missing_lines": 0, "excluded_lines": 0}, "missing_lines": [], "excluded_lines": []}}}, "src\\review_insights\\annotation.py": {"executed_lines": [1, 3, 4, 5, 6, 8, 10, 13, 14, 15, 16, 17, 18, 19, 20, 21, 23, 27, 28, 31, 38, 39, 40, 70, 71, 74, 82, 83, 90, 91, 93, 94, 95, 97, 104], "summary": {"covered_lines": 35, "num_statements": 36, "percent_covered": 97.22222222222223, "percent_covered_display": "97", "missing_lines": 1, "excluded_lines": 0}, "missing_lines": [24], "excluded_lines": [], "functions": {"AnnotationBatchResult.to_dict": {"executed_lines": [], "summary": {"covered_lines": 0, "num_statements": 1, "percent_covered": 0.0, "percent_covered_display": "0", "missing_lines": 1, "excluded_lines": 0}, "missing_lines": [24], "excluded_lines": []}, "_read_quality_report": {"executed_lines": [28], "summary": {"covered_lines": 1, "num_statements": 1, "percent_covered": 100.0, "percent_covered_display": "100", "missing_lines": 0, "excluded_lines": 0}, "missing_lines": [], "excluded_lines": []}, "_write_readiness_report": {"executed_lines": [38, 39, 40, 70, 71], "summary": {"covered_lines": 5, "num_statements": 5, "percent_covered": 100.0, "percent_covered_display": "100", "missing_lines": 0, "excluded_lines": 0}, "missing_lines": [], "excluded_lines": []}, "prepare_annotation_batch": {"executed_lines": [82, 83, 90, 91, 93, 94, 95, 97, 104], "summary": {"covered_lines": 9, "num_statements": 9, "percent_covered": 100.0, "percent_covered_display": "100", "missing_lines": 0, "excluded_lines": 0}, "missing_lines": [], "excluded_lines": []}, "": {"executed_lines": [1, 3, 4, 5, 6, 8, 10, 13, 14, 15, 16, 17, 18, 19, 20, 21, 23, 27, 31, 74], "summary": {"covered_lines": 20, "num_statements": 20, "percent_covered": 100.0, "percent_covered_display": "100", "missing_lines": 0, "excluded_lines": 0}, "missing_lines": [], "excluded_lines": []}}, "classes": {"AnnotationBatchResult": {"executed_lines": [], "summary": {"covered_lines": 0, "num_statements": 1, "percent_covered": 0.0, "percent_covered_display": "0", "missing_lines": 1, "excluded_lines": 0}, "missing_lines": [24], "excluded_lines": []}, "": {"executed_lines": [1, 3, 4, 5, 6, 8, 10, 13, 14, 15, 16, 17, 18, 19, 20, 21, 23, 27, 28, 31, 38, 39, 40, 70, 71, 74, 82, 83, 90, 91, 93, 94, 95, 97, 104], "summary": {"covered_lines": 35, "num_statements": 35, "percent_covered": 100.0, "percent_covered_display": "100", "missing_lines": 0, "excluded_lines": 0}, "missing_lines": [], "excluded_lines": []}}}, "src\\review_insights\\api.py": {"executed_lines": [1, 3, 4, 5, 7, 8, 9, 10, 11, 12, 14, 15, 16, 17, 18, 19, 22, 23, 24, 25, 26, 27, 28, 29, 32, 33, 34, 35, 36, 37, 38, 47, 48, 49, 53, 54, 55, 63, 64, 65, 66, 67, 68, 69, 74, 75, 76, 77, 79, 81, 82, 83, 85, 86, 87, 88, 89, 90, 92, 93, 96, 97, 98, 99, 100, 101, 102, 123, 124, 125, 130, 136, 137, 138, 140, 141, 142, 143, 144, 149, 151, 154], "summary": {"covered_lines": 82, "num_statements": 89, "percent_covered": 92.13483146067416, "percent_covered_display": "92", "missing_lines": 7, "excluded_lines": 0}, "missing_lines": [70, 71, 72, 73, 84, 94, 126], "excluded_lines": [], "functions": {"SecurityHeadersMiddleware.dispatch": {"executed_lines": [24, 25, 26, 27, 28, 29], "summary": {"covered_lines": 6, "num_statements": 6, "percent_covered": 100.0, "percent_covered_display": "100", "missing_lines": 0, "excluded_lines": 0}, "missing_lines": [], "excluded_lines": []}, "create_app": {"executed_lines": [33, 34, 35, 36, 37, 38, 47, 48, 49, 53, 54, 55, 63, 64, 79, 81, 92, 93, 96, 97, 123, 124, 136, 137, 140, 141, 151], "summary": {"covered_lines": 27, "num_statements": 27, "percent_covered": 100.0, "percent_covered_display": "100", "missing_lines": 0, "excluded_lines": 0}, "missing_lines": [], "excluded_lines": []}, "create_app.request_telemetry_middleware": {"executed_lines": [65, 66, 67, 68, 69, 74, 75, 76, 77], "summary": {"covered_lines": 9, "num_statements": 13, "percent_covered": 69.23076923076923, "percent_covered_display": "69", "missing_lines": 4, "excluded_lines": 0}, "missing_lines": [70, 71, 72, 73], "excluded_lines": []}, "create_app.require_api_security": {"executed_lines": [82, 83, 85, 86, 87, 88, 89, 90], "summary": {"covered_lines": 8, "num_statements": 9, "percent_covered": 88.88888888888889, "percent_covered_display": "89", "missing_lines": 1, "excluded_lines": 0}, "missing_lines": [84], "excluded_lines": []}, "create_app.value_error_handler": {"executed_lines": [], "summary": {"covered_lines": 0, "num_statements": 1, "percent_covered": 0.0, "percent_covered_display": "0", "missing_lines": 1, "excluded_lines": 0}, "missing_lines": [94], "excluded_lines": []}, "create_app.healthcheck": {"executed_lines": [98, 99, 100, 101, 102], "summary": {"covered_lines": 5, "num_statements": 5, "percent_covered": 100.0, "percent_covered_display": "100", "missing_lines": 0, "excluded_lines": 0}, "missing_lines": [], "excluded_lines": []}, "create_app.analyze_review_endpoint": {"executed_lines": [125, 130], "summary": {"covered_lines": 2, "num_statements": 3, "percent_covered": 66.66666666666667, "percent_covered_display": "67", "missing_lines": 1, "excluded_lines": 0}, "missing_lines": [126], "excluded_lines": []}, "create_app.metrics_endpoint": {"executed_lines": [138], "summary": {"covered_lines": 1, "num_statements": 1, "percent_covered": 100.0, "percent_covered_display": "100", "missing_lines": 0, "excluded_lines": 0}, "missing_lines": [], "excluded_lines": []}, "create_app.evaluate_default_dataset": {"executed_lines": [142, 143, 144, 149], "summary": {"covered_lines": 4, "num_statements": 4, "percent_covered": 100.0, "percent_covered_display": "100", "missing_lines": 0, "excluded_lines": 0}, "missing_lines": [], "excluded_lines": []}, "": {"executed_lines": [1, 3, 4, 5, 7, 8, 9, 10, 11, 12, 14, 15, 16, 17, 18, 19, 22, 23, 32, 154], "summary": {"covered_lines": 20, "num_statements": 20, "percent_covered": 100.0, "percent_covered_display": "100", "missing_lines": 0, "excluded_lines": 0}, "missing_lines": [], "excluded_lines": []}}, "classes": {"SecurityHeadersMiddleware": {"executed_lines": [24, 25, 26, 27, 28, 29], "summary": {"covered_lines": 6, "num_statements": 6, "percent_covered": 100.0, "percent_covered_display": "100", "missing_lines": 0, "excluded_lines": 0}, "missing_lines": [], "excluded_lines": []}, "": {"executed_lines": [1, 3, 4, 5, 7, 8, 9, 10, 11, 12, 14, 15, 16, 17, 18, 19, 22, 23, 32, 33, 34, 35, 36, 37, 38, 47, 48, 49, 53, 54, 55, 63, 64, 65, 66, 67, 68, 69, 74, 75, 76, 77, 79, 81, 82, 83, 85, 86, 87, 88, 89, 90, 92, 93, 96, 97, 98, 99, 100, 101, 102, 123, 124, 125, 130, 136, 137, 138, 140, 141, 142, 143, 144, 149, 151, 154], "summary": {"covered_lines": 76, "num_statements": 83, "percent_covered": 91.56626506024097, "percent_covered_display": "92", "missing_lines": 7, "excluded_lines": 0}, "missing_lines": [70, 71, 72, 73, 84, 94, 126], "excluded_lines": []}}}, "src\\review_insights\\api_client.py": {"executed_lines": [1, 3, 4, 6, 9, 10, 13, 14, 24, 25, 26, 27, 28, 29, 31, 32, 41, 42, 44, 45, 46, 47, 48, 49, 52, 53, 55, 57, 58, 60, 61, 65, 67, 69, 70, 72, 73, 75, 76, 78, 79, 81, 82, 84, 85], "summary": {"covered_lines": 45, "num_statements": 50, "percent_covered": 90.0, "percent_covered_display": "90", "missing_lines": 5, "excluded_lines": 0}, "missing_lines": [33, 50, 51, 54, 66], "excluded_lines": [], "functions": {"ReviewInsightsApiClient.__init__": {"executed_lines": [24, 25, 26, 27, 28, 29], "summary": {"covered_lines": 6, "num_statements": 6, "percent_covered": 100.0, "percent_covered_display": "100", "missing_lines": 0, "excluded_lines": 0}, "missing_lines": [], "excluded_lines": []}, "ReviewInsightsApiClient.from_env": {"executed_lines": [], "summary": {"covered_lines": 0, "num_statements": 1, "percent_covered": 0.0, "percent_covered_display": "0", "missing_lines": 1, "excluded_lines": 0}, "missing_lines": [33], "excluded_lines": []}, "ReviewInsightsApiClient._headers": {"executed_lines": [42], "summary": {"covered_lines": 1, "num_statements": 1, "percent_covered": 100.0, "percent_covered_display": "100", "missing_lines": 0, "excluded_lines": 0}, "missing_lines": [], "excluded_lines": []}, "ReviewInsightsApiClient._request": {"executed_lines": [45, 46, 47, 48, 49, 52, 53, 55], "summary": {"covered_lines": 8, "num_statements": 11, "percent_covered": 72.72727272727273, "percent_covered_display": "73", "missing_lines": 3, "excluded_lines": 0}, "missing_lines": [50, 51, 54], "excluded_lines": []}, "ReviewInsightsApiClient.health": {"executed_lines": [58], "summary": {"covered_lines": 1, "num_statements": 1, "percent_covered": 100.0, "percent_covered_display": "100", "missing_lines": 0, "excluded_lines": 0}, "missing_lines": [], "excluded_lines": []}, "ReviewInsightsApiClient.analyze": {"executed_lines": [61, 65, 67], "summary": {"covered_lines": 3, "num_statements": 4, "percent_covered": 75.0, "percent_covered_display": "75", "missing_lines": 1, "excluded_lines": 0}, "missing_lines": [66], "excluded_lines": []}, "ReviewInsightsApiClient.metrics": {"executed_lines": [70], "summary": {"covered_lines": 1, "num_statements": 1, "percent_covered": 100.0, "percent_covered_display": "100", "missing_lines": 0, "excluded_lines": 0}, "missing_lines": [], "excluded_lines": []}, "ReviewInsightsApiClient.default_dataset": {"executed_lines": [73], "summary": {"covered_lines": 1, "num_statements": 1, "percent_covered": 100.0, "percent_covered_display": "100", "missing_lines": 0, "excluded_lines": 0}, "missing_lines": [], "excluded_lines": []}, "ReviewInsightsApiClient.evaluate_default": {"executed_lines": [76], "summary": {"covered_lines": 1, "num_statements": 1, "percent_covered": 100.0, "percent_covered_display": "100", "missing_lines": 0, "excluded_lines": 0}, "missing_lines": [], "excluded_lines": []}, "ReviewInsightsApiClient.submit_feedback": {"executed_lines": [79], "summary": {"covered_lines": 1, "num_statements": 1, "percent_covered": 100.0, "percent_covered_display": "100", "missing_lines": 0, "excluded_lines": 0}, "missing_lines": [], "excluded_lines": []}, "ReviewInsightsApiClient.recent_feedback": {"executed_lines": [82], "summary": {"covered_lines": 1, "num_statements": 1, "percent_covered": 100.0, "percent_covered_display": "100", "missing_lines": 0, "excluded_lines": 0}, "missing_lines": [], "excluded_lines": []}, "ReviewInsightsApiClient.latest_drift": {"executed_lines": [85], "summary": {"covered_lines": 1, "num_statements": 1, "percent_covered": 100.0, "percent_covered_display": "100", "missing_lines": 0, "excluded_lines": 0}, "missing_lines": [], "excluded_lines": []}, "": {"executed_lines": [1, 3, 4, 6, 9, 10, 13, 14, 31, 32, 41, 44, 57, 60, 69, 72, 75, 78, 81, 84], "summary": {"covered_lines": 20, "num_statements": 20, "percent_covered": 100.0, "percent_covered_display": "100", "missing_lines": 0, "excluded_lines": 0}, "missing_lines": [], "excluded_lines": []}}, "classes": {"ReviewInsightsClientError": {"executed_lines": [], "summary": {"covered_lines": 0, "num_statements": 0, "percent_covered": 100.0, "percent_covered_display": "100", "missing_lines": 0, "excluded_lines": 0}, "missing_lines": [], "excluded_lines": []}, "ReviewInsightsApiClient": {"executed_lines": [24, 25, 26, 27, 28, 29, 42, 45, 46, 47, 48, 49, 52, 53, 55, 58, 61, 65, 67, 70, 73, 76, 79, 82, 85], "summary": {"covered_lines": 25, "num_statements": 30, "percent_covered": 83.33333333333333, "percent_covered_display": "83", "missing_lines": 5, "excluded_lines": 0}, "missing_lines": [33, 50, 51, 54, 66], "excluded_lines": []}, "": {"executed_lines": [1, 3, 4, 6, 9, 10, 13, 14, 31, 32, 41, 44, 57, 60, 69, 72, 75, 78, 81, 84], "summary": {"covered_lines": 20, "num_statements": 20, "percent_covered": 100.0, "percent_covered_display": "100", "missing_lines": 0, "excluded_lines": 0}, "missing_lines": [], "excluded_lines": []}}}, "src\\review_insights\\app.py": {"executed_lines": [], "summary": {"covered_lines": 0, "num_statements": 301, "percent_covered": 0.0, "percent_covered_display": "0", "missing_lines": 301, "excluded_lines": 0}, "missing_lines": [1, 3, 4, 6, 7, 9, 10, 11, 12, 15, 17, 18, 19, 20, 21, 22, 38, 39, 47, 48, 459, 460, 461, 462, 463, 464, 467, 468, 469, 470, 471, 474, 475, 476, 477, 478, 479, 480, 481, 484, 485, 486, 495, 496, 497, 500, 501, 502, 508, 513, 516, 517, 520, 521, 522, 532, 533, 544, 545, 546, 547, 548, 553, 555, 556, 558, 564, 565, 566, 567, 570, 571, 572, 573, 578, 579, 580, 581, 582, 583, 584, 585, 588, 589, 590, 591, 592, 593, 595, 610, 611, 612, 613, 614, 615, 616, 617, 618, 619, 620, 621, 622, 623, 625, 626, 627, 628, 629, 630, 635, 636, 648, 651, 652, 653, 654, 655, 656, 657, 658, 659, 660, 661, 662, 663, 668, 669, 673, 674, 675, 676, 677, 678, 689, 690, 691, 694, 695, 696, 697, 698, 699, 700, 701, 702, 705, 706, 707, 708, 709, 710, 712, 713, 714, 715, 720, 721, 722, 728, 733, 734, 735, 737, 738, 743, 744, 746, 747, 748, 749, 750, 751, 753, 755, 756, 757, 758, 759, 760, 761, 764, 765, 766, 767, 768, 769, 770, 771, 772, 773, 775, 776, 777, 778, 779, 780, 781, 782, 789, 798, 799, 800, 801, 802, 805, 806, 807, 808, 809, 810, 820, 821, 822, 825, 826, 827, 835, 837, 838, 839, 840, 841, 842, 855, 856, 857, 858, 859, 860, 862, 863, 864, 865, 866, 867, 868, 891, 892, 893, 894, 895, 896, 897, 898, 900, 901, 902, 903, 904, 905, 906, 908, 909, 910, 913, 914, 915, 916, 917, 918, 919, 920, 922, 923, 924, 925, 953, 954, 956, 959, 960, 961, 963, 964, 965, 966, 967, 968, 969, 972, 973, 974, 976, 977, 978, 985, 991, 992, 993, 1001, 1002, 1004, 1005, 1006, 1007, 1008, 1009, 1010, 1011, 1012, 1013], "excluded_lines": [], "functions": {"configure_page": {"executed_lines": [], "summary": {"covered_lines": 0, "num_statements": 1, "percent_covered": 0.0, "percent_covered_display": "0", "missing_lines": 1, "excluded_lines": 0}, "missing_lines": [39], "excluded_lines": []}, "inject_styles": {"executed_lines": [], "summary": {"covered_lines": 0, "num_statements": 1, "percent_covered": 0.0, "percent_covered_display": "0", "missing_lines": 1, "excluded_lines": 0}, "missing_lines": [48], "excluded_lines": []}, "_display_text": {"executed_lines": [], "summary": {"covered_lines": 0, "num_statements": 5, "percent_covered": 0.0, "percent_covered_display": "0", "missing_lines": 5, "excluded_lines": 0}, "missing_lines": [460, 461, 462, 463, 464], "excluded_lines": []}, "_format_percent": {"executed_lines": [], "summary": {"covered_lines": 0, "num_statements": 4, "percent_covered": 0.0, "percent_covered_display": "0", "missing_lines": 4, "excluded_lines": 0}, "missing_lines": [468, 469, 470, 471], "excluded_lines": []}, "_confidence_width": {"executed_lines": [], "summary": {"covered_lines": 0, "num_statements": 7, "percent_covered": 0.0, "percent_covered_display": "0", "missing_lines": 7, "excluded_lines": 0}, "missing_lines": [475, 476, 477, 478, 479, 480, 481], "excluded_lines": []}, "_kpi_card": {"executed_lines": [], "summary": {"covered_lines": 0, "num_statements": 2, "percent_covered": 0.0, "percent_covered_display": "0", "missing_lines": 2, "excluded_lines": 0}, "missing_lines": [485, 486], "excluded_lines": []}, "render_kpi_grid": {"executed_lines": [], "summary": {"covered_lines": 0, "num_statements": 2, "percent_covered": 0.0, "percent_covered_display": "0", "missing_lines": 2, "excluded_lines": 0}, "missing_lines": [496, 497], "excluded_lines": []}, "sentiment_badge": {"executed_lines": [], "summary": {"covered_lines": 0, "num_statements": 4, "percent_covered": 0.0, "percent_covered_display": "0", "missing_lines": 4, "excluded_lines": 0}, "missing_lines": [501, 502, 508, 513], "excluded_lines": []}, "theme_badge": {"executed_lines": [], "summary": {"covered_lines": 0, "num_statements": 1, "percent_covered": 0.0, "percent_covered_display": "0", "missing_lines": 1, "excluded_lines": 0}, "missing_lines": [517], "excluded_lines": []}, "render_section_title": {"executed_lines": [], "summary": {"covered_lines": 0, "num_statements": 2, "percent_covered": 0.0, "percent_covered_display": "0", "missing_lines": 2, "excluded_lines": 0}, "missing_lines": [521, 522], "excluded_lines": []}, "render_header": {"executed_lines": [], "summary": {"covered_lines": 0, "num_statements": 1, "percent_covered": 0.0, "percent_covered_display": "0", "missing_lines": 1, "excluded_lines": 0}, "missing_lines": [533], "excluded_lines": []}, "filter_dataset": {"executed_lines": [], "summary": {"covered_lines": 0, "num_statements": 12, "percent_covered": 0.0, "percent_covered_display": "0", "missing_lines": 12, "excluded_lines": 0}, "missing_lines": [545, 546, 547, 548, 553, 555, 556, 558, 564, 565, 566, 567], "excluded_lines": []}, "analyze_dataframe": {"executed_lines": [], "summary": {"covered_lines": 0, "num_statements": 11, "percent_covered": 0.0, "percent_covered_display": "0", "missing_lines": 11, "excluded_lines": 0}, "missing_lines": [571, 572, 573, 578, 579, 580, 581, 582, 583, 584, 585], "excluded_lines": []}, "render_result_cards": {"executed_lines": [], "summary": {"covered_lines": 0, "num_statements": 6, "percent_covered": 0.0, "percent_covered_display": "0", "missing_lines": 6, "excluded_lines": 0}, "missing_lines": [589, 590, 591, 592, 593, 595], "excluded_lines": []}, "render_theme_cards": {"executed_lines": [], "summary": {"covered_lines": 0, "num_statements": 22, "percent_covered": 0.0, "percent_covered_display": "0", "missing_lines": 22, "excluded_lines": 0}, "missing_lines": [611, 612, 613, 614, 615, 616, 617, 618, 619, 620, 621, 622, 623, 625, 626, 627, 628, 629, 630, 635, 636, 648], "excluded_lines": []}, "render_feedback_form": {"executed_lines": [], "summary": {"covered_lines": 0, "num_statements": 23, "percent_covered": 0.0, "percent_covered_display": "0", "missing_lines": 23, "excluded_lines": 0}, "missing_lines": [652, 653, 654, 655, 656, 657, 658, 659, 660, 661, 662, 663, 668, 669, 673, 674, 675, 676, 677, 678, 689, 690, 691], "excluded_lines": []}, "render_dataset_filters": {"executed_lines": [], "summary": {"covered_lines": 0, "num_statements": 8, "percent_covered": 0.0, "percent_covered_display": "0", "missing_lines": 8, "excluded_lines": 0}, "missing_lines": [695, 696, 697, 698, 699, 700, 701, 702], "excluded_lines": []}, "render_analysis_workspace": {"executed_lines": [], "summary": {"covered_lines": 0, "num_statements": 34, "percent_covered": 0.0, "percent_covered_display": "0", "missing_lines": 34, "excluded_lines": 0}, "missing_lines": [706, 707, 708, 709, 710, 712, 713, 714, 715, 720, 721, 722, 728, 733, 734, 735, 737, 738, 743, 744, 746, 747, 748, 749, 750, 751, 753, 755, 756, 757, 758, 759, 760, 761], "excluded_lines": []}, "render_batch_workspace": {"executed_lines": [], "summary": {"covered_lines": 0, "num_statements": 18, "percent_covered": 0.0, "percent_covered_display": "0", "missing_lines": 18, "excluded_lines": 0}, "missing_lines": [765, 766, 767, 768, 769, 770, 771, 772, 773, 775, 776, 777, 778, 779, 780, 781, 782, 789], "excluded_lines": []}, "render_dataset_workspace": {"executed_lines": [], "summary": {"covered_lines": 0, "num_statements": 4, "percent_covered": 0.0, "percent_covered_display": "0", "missing_lines": 4, "excluded_lines": 0}, "missing_lines": [799, 800, 801, 802], "excluded_lines": []}, "render_dashboard": {"executed_lines": [], "summary": {"covered_lines": 0, "num_statements": 8, "percent_covered": 0.0, "percent_covered_display": "0", "missing_lines": 8, "excluded_lines": 0}, "missing_lines": [806, 807, 808, 809, 810, 820, 821, 822], "excluded_lines": []}, "render_monitoring_workspace": {"executed_lines": [], "summary": {"covered_lines": 0, "num_statements": 40, "percent_covered": 0.0, "percent_covered_display": "0", "missing_lines": 40, "excluded_lines": 0}, "missing_lines": [826, 827, 835, 837, 838, 839, 840, 841, 842, 855, 856, 857, 858, 859, 860, 862, 863, 864, 865, 866, 867, 868, 891, 892, 893, 894, 895, 896, 897, 898, 900, 901, 902, 903, 904, 905, 906, 908, 909, 910], "excluded_lines": []}, "render_evaluation_workspace": {"executed_lines": [], "summary": {"covered_lines": 0, "num_statements": 14, "percent_covered": 0.0, "percent_covered_display": "0", "missing_lines": 14, "excluded_lines": 0}, "missing_lines": [914, 915, 916, 917, 918, 919, 920, 922, 923, 924, 925, 953, 954, 956], "excluded_lines": []}, "load_active_dataset": {"executed_lines": [], "summary": {"covered_lines": 0, "num_statements": 9, "percent_covered": 0.0, "percent_covered_display": "0", "missing_lines": 9, "excluded_lines": 0}, "missing_lines": [960, 961, 963, 964, 965, 966, 967, 968, 969], "excluded_lines": []}, "main": {"executed_lines": [], "summary": {"covered_lines": 0, "num_statements": 21, "percent_covered": 0.0, "percent_covered_display": "0", "missing_lines": 21, "excluded_lines": 0}, "missing_lines": [973, 974, 976, 977, 978, 985, 991, 992, 993, 1001, 1002, 1004, 1005, 1006, 1007, 1008, 1009, 1010, 1011, 1012, 1013], "excluded_lines": []}, "": {"executed_lines": [], "summary": {"covered_lines": 0, "num_statements": 41, "percent_covered": 0.0, "percent_covered_display": "0", "missing_lines": 41, "excluded_lines": 0}, "missing_lines": [1, 3, 4, 6, 7, 9, 10, 11, 12, 15, 17, 18, 19, 20, 21, 22, 38, 47, 459, 467, 474, 484, 495, 500, 516, 520, 532, 544, 570, 588, 610, 651, 694, 705, 764, 798, 805, 825, 913, 959, 972], "excluded_lines": []}}, "classes": {"": {"executed_lines": [], "summary": {"covered_lines": 0, "num_statements": 301, "percent_covered": 0.0, "percent_covered_display": "0", "missing_lines": 301, "excluded_lines": 0}, "missing_lines": [1, 3, 4, 6, 7, 9, 10, 11, 12, 15, 17, 18, 19, 20, 21, 22, 38, 39, 47, 48, 459, 460, 461, 462, 463, 464, 467, 468, 469, 470, 471, 474, 475, 476, 477, 478, 479, 480, 481, 484, 485, 486, 495, 496, 497, 500, 501, 502, 508, 513, 516, 517, 520, 521, 522, 532, 533, 544, 545, 546, 547, 548, 553, 555, 556, 558, 564, 565, 566, 567, 570, 571, 572, 573, 578, 579, 580, 581, 582, 583, 584, 585, 588, 589, 590, 591, 592, 593, 595, 610, 611, 612, 613, 614, 615, 616, 617, 618, 619, 620, 621, 622, 623, 625, 626, 627, 628, 629, 630, 635, 636, 648, 651, 652, 653, 654, 655, 656, 657, 658, 659, 660, 661, 662, 663, 668, 669, 673, 674, 675, 676, 677, 678, 689, 690, 691, 694, 695, 696, 697, 698, 699, 700, 701, 702, 705, 706, 707, 708, 709, 710, 712, 713, 714, 715, 720, 721, 722, 728, 733, 734, 735, 737, 738, 743, 744, 746, 747, 748, 749, 750, 751, 753, 755, 756, 757, 758, 759, 760, 761, 764, 765, 766, 767, 768, 769, 770, 771, 772, 773, 775, 776, 777, 778, 779, 780, 781, 782, 789, 798, 799, 800, 801, 802, 805, 806, 807, 808, 809, 810, 820, 821, 822, 825, 826, 827, 835, 837, 838, 839, 840, 841, 842, 855, 856, 857, 858, 859, 860, 862, 863, 864, 865, 866, 867, 868, 891, 892, 893, 894, 895, 896, 897, 898, 900, 901, 902, 903, 904, 905, 906, 908, 909, 910, 913, 914, 915, 916, 917, 918, 919, 920, 922, 923, 924, 925, 953, 954, 956, 959, 960, 961, 963, 964, 965, 966, 967, 968, 969, 972, 973, 974, 976, 977, 978, 985, 991, 992, 993, 1001, 1002, 1004, 1005, 1006, 1007, 1008, 1009, 1010, 1011, 1012, 1013], "excluded_lines": []}}}, "src\\review_insights\\config.py": {"executed_lines": [1, 4, 5, 9, 10, 13, 14, 15, 16, 17, 18, 21], "summary": {"covered_lines": 12, "num_statements": 12, "percent_covered": 100.0, "percent_covered_display": "100", "missing_lines": 0, "excluded_lines": 0}, "missing_lines": [], "excluded_lines": [], "functions": {"": {"executed_lines": [1, 4, 5, 9, 10, 13, 14, 15, 16, 17, 18, 21], "summary": {"covered_lines": 12, "num_statements": 12, "percent_covered": 100.0, "percent_covered_display": "100", "missing_lines": 0, "excluded_lines": 0}, "missing_lines": [], "excluded_lines": []}}, "classes": {"ThemeDefinition": {"executed_lines": [], "summary": {"covered_lines": 0, "num_statements": 0, "percent_covered": 100.0, "percent_covered_display": "100", "missing_lines": 0, "excluded_lines": 0}, "missing_lines": [], "excluded_lines": []}, "": {"executed_lines": [1, 4, 5, 9, 10, 13, 14, 15, 16, 17, 18, 21], "summary": {"covered_lines": 12, "num_statements": 12, "percent_covered": 100.0, "percent_covered_display": "100", "missing_lines": 0, "excluded_lines": 0}, "missing_lines": [], "excluded_lines": []}}}, "src\\review_insights\\data_api.py": {"executed_lines": [1, 3, 4, 5, 7, 8, 9, 10, 12, 13, 14, 15, 16, 17, 20, 21, 24, 39, 40, 41, 42, 43, 44, 45, 48, 49, 52, 53, 54, 55, 60, 61, 63, 64, 66, 67, 68, 79, 80, 81, 82, 90, 91, 92, 93, 105, 106, 107, 108, 110, 111, 112, 116, 121, 122, 123, 124, 129, 130, 131, 132, 133, 138, 139, 147, 149, 152], "summary": {"covered_lines": 67, "num_statements": 81, "percent_covered": 82.71604938271605, "percent_covered_display": "83", "missing_lines": 14, "excluded_lines": 0}, "missing_lines": [25, 26, 27, 28, 29, 30, 31, 32, 33, 34, 35, 36, 140, 141], "excluded_lines": [], "functions": {"_inference_api_url": {"executed_lines": [21], "summary": {"covered_lines": 1, "num_statements": 1, "percent_covered": 100.0, "percent_covered_display": "100", "missing_lines": 0, "excluded_lines": 0}, "missing_lines": [], "excluded_lines": []}, "_fetch_inference_evaluation": {"executed_lines": [], "summary": {"covered_lines": 0, "num_statements": 12, "percent_covered": 0.0, "percent_covered_display": "0", "missing_lines": 12, "excluded_lines": 0}, "missing_lines": [25, 26, 27, 28, 29, 30, 31, 32, 33, 34, 35, 36], "excluded_lines": []}, "_load_active_dataset": {"executed_lines": [40, 41, 42, 43, 44, 45], "summary": {"covered_lines": 6, "num_statements": 6, "percent_covered": 100.0, "percent_covered_display": "100", "missing_lines": 0, "excluded_lines": 0}, "missing_lines": [], "excluded_lines": []}, "_drift_report_path": {"executed_lines": [49], "summary": {"covered_lines": 1, "num_statements": 1, "percent_covered": 100.0, "percent_covered_display": "100", "missing_lines": 0, "excluded_lines": 0}, "missing_lines": [], "excluded_lines": []}, "create_app": {"executed_lines": [53, 54, 55, 60, 61, 63, 66, 67, 79, 80, 90, 91, 105, 106, 110, 111, 121, 122, 129, 130, 149], "summary": {"covered_lines": 21, "num_statements": 21, "percent_covered": 100.0, "percent_covered_display": "100", "missing_lines": 0, "excluded_lines": 0}, "missing_lines": [], "excluded_lines": []}, "create_app.require_api_security": {"executed_lines": [64], "summary": {"covered_lines": 1, "num_statements": 1, "percent_covered": 100.0, "percent_covered_display": "100", "missing_lines": 0, "excluded_lines": 0}, "missing_lines": [], "excluded_lines": []}, "create_app.healthcheck": {"executed_lines": [68], "summary": {"covered_lines": 1, "num_statements": 1, "percent_covered": 100.0, "percent_covered_display": "100", "missing_lines": 0, "excluded_lines": 0}, "missing_lines": [], "excluded_lines": []}, "create_app.default_dataset": {"executed_lines": [81, 82], "summary": {"covered_lines": 2, "num_statements": 2, "percent_covered": 100.0, "percent_covered_display": "100", "missing_lines": 0, "excluded_lines": 0}, "missing_lines": [], "excluded_lines": []}, "create_app.default_dataset_profile": {"executed_lines": [92, 93], "summary": {"covered_lines": 2, "num_statements": 2, "percent_covered": 100.0, "percent_covered_display": "100", "missing_lines": 0, "excluded_lines": 0}, "missing_lines": [], "excluded_lines": []}, "create_app.evaluate_default_dataset": {"executed_lines": [107, 108], "summary": {"covered_lines": 2, "num_statements": 2, "percent_covered": 100.0, "percent_covered_display": "100", "missing_lines": 0, "excluded_lines": 0}, "missing_lines": [], "excluded_lines": []}, "create_app.create_feedback": {"executed_lines": [112, 116], "summary": {"covered_lines": 2, "num_statements": 2, "percent_covered": 100.0, "percent_covered_display": "100", "missing_lines": 0, "excluded_lines": 0}, "missing_lines": [], "excluded_lines": []}, "create_app.recent_feedback": {"executed_lines": [123, 124], "summary": {"covered_lines": 2, "num_statements": 2, "percent_covered": 100.0, "percent_covered_display": "100", "missing_lines": 0, "excluded_lines": 0}, "missing_lines": [], "excluded_lines": []}, "create_app.latest_drift_report": {"executed_lines": [131, 132, 133, 138, 139, 147], "summary": {"covered_lines": 6, "num_statements": 8, "percent_covered": 75.0, "percent_covered_display": "75", "missing_lines": 2, "excluded_lines": 0}, "missing_lines": [140, 141], "excluded_lines": []}, "": {"executed_lines": [1, 3, 4, 5, 7, 8, 9, 10, 12, 13, 14, 15, 16, 17, 20, 24, 39, 48, 52, 152], "summary": {"covered_lines": 20, "num_statements": 20, "percent_covered": 100.0, "percent_covered_display": "100", "missing_lines": 0, "excluded_lines": 0}, "missing_lines": [], "excluded_lines": []}}, "classes": {"": {"executed_lines": [1, 3, 4, 5, 7, 8, 9, 10, 12, 13, 14, 15, 16, 17, 20, 21, 24, 39, 40, 41, 42, 43, 44, 45, 48, 49, 52, 53, 54, 55, 60, 61, 63, 64, 66, 67, 68, 79, 80, 81, 82, 90, 91, 92, 93, 105, 106, 107, 108, 110, 111, 112, 116, 121, 122, 123, 124, 129, 130, 131, 132, 133, 138, 139, 147, 149, 152], "summary": {"covered_lines": 67, "num_statements": 81, "percent_covered": 82.71604938271605, "percent_covered_display": "83", "missing_lines": 14, "excluded_lines": 0}, "missing_lines": [25, 26, 27, 28, 29, 30, 31, 32, 33, 34, 35, 36, 140, 141], "excluded_lines": []}}}, "src\\review_insights\\data_quality.py": {"executed_lines": [1, 3, 4, 5, 6, 7, 9, 12, 13, 14, 18, 19, 20, 21, 23, 52, 76, 77, 78, 79, 80, 81, 82, 83, 84, 85, 86, 87, 90, 91, 92, 93, 94, 108, 109, 110, 111, 114, 115, 122, 123, 124, 125, 126, 127, 128, 129, 134, 135, 136, 137, 138, 139, 140, 141, 142, 143, 144, 145, 146, 159, 170, 173, 174, 175, 176, 177, 180, 188, 194, 195, 196, 197, 198, 199, 200, 201, 205, 209, 213, 214, 215, 216, 217, 218, 219, 220, 226, 227, 228, 232, 250, 251, 256, 257, 262, 268, 269], "summary": {"covered_lines": 98, "num_statements": 101, "percent_covered": 97.02970297029702, "percent_covered_display": "97", "missing_lines": 3, "excluded_lines": 0}, "missing_lines": [179, 221, 224], "excluded_lines": [], "functions": {"load_quality_policy": {"executed_lines": [91, 92, 93, 94], "summary": {"covered_lines": 4, "num_statements": 4, "percent_covered": 100.0, "percent_covered_display": "100", "missing_lines": 0, "excluded_lines": 0}, "missing_lines": [], "excluded_lines": []}, "_review_text": {"executed_lines": [109, 110, 111], "summary": {"covered_lines": 3, "num_statements": 3, "percent_covered": 100.0, "percent_covered_display": "100", "missing_lines": 0, "excluded_lines": 0}, "missing_lines": [], "excluded_lines": []}, "_contains_probable_pii": {"executed_lines": [115], "summary": {"covered_lines": 1, "num_statements": 1, "percent_covered": 100.0, "percent_covered_display": "100", "missing_lines": 0, "excluded_lines": 0}, "missing_lines": [], "excluded_lines": []}, "_is_probably_non_english": {"executed_lines": [123, 124, 125, 126, 127, 128, 129], "summary": {"covered_lines": 7, "num_statements": 7, "percent_covered": 100.0, "percent_covered_display": "100", "missing_lines": 0, "excluded_lines": 0}, "missing_lines": [], "excluded_lines": []}, "build_annotation_queue": {"executed_lines": [135, 136, 137, 138, 139, 140, 141, 142, 143, 144, 145, 146, 159, 170], "summary": {"covered_lines": 14, "num_statements": 14, "percent_covered": 100.0, "percent_covered_display": "100", "missing_lines": 0, "excluded_lines": 0}, "missing_lines": [], "excluded_lines": []}, "_check": {"executed_lines": [174, 175, 176, 177, 180], "summary": {"covered_lines": 5, "num_statements": 6, "percent_covered": 83.33333333333333, "percent_covered_display": "83", "missing_lines": 1, "excluded_lines": 0}, "missing_lines": [179], "excluded_lines": []}, "build_quality_report": {"executed_lines": [194, 195, 196, 197, 198, 199, 200, 201, 205, 209, 213, 214, 215, 216, 217, 218, 219, 220, 226, 227, 228, 232, 250, 251, 256, 257, 262, 268, 269], "summary": {"covered_lines": 29, "num_statements": 31, "percent_covered": 93.54838709677419, "percent_covered_display": "94", "missing_lines": 2, "excluded_lines": 0}, "missing_lines": [221, 224], "excluded_lines": []}, "": {"executed_lines": [1, 3, 4, 5, 6, 7, 9, 12, 13, 14, 18, 19, 20, 21, 23, 52, 76, 77, 78, 79, 80, 81, 82, 83, 84, 85, 86, 87, 90, 108, 114, 122, 134, 173, 188], "summary": {"covered_lines": 35, "num_statements": 35, "percent_covered": 100.0, "percent_covered_display": "100", "missing_lines": 0, "excluded_lines": 0}, "missing_lines": [], "excluded_lines": []}}, "classes": {"DataQualityPolicy": {"executed_lines": [], "summary": {"covered_lines": 0, "num_statements": 0, "percent_covered": 100.0, "percent_covered_display": "100", "missing_lines": 0, "excluded_lines": 0}, "missing_lines": [], "excluded_lines": []}, "": {"executed_lines": [1, 3, 4, 5, 6, 7, 9, 12, 13, 14, 18, 19, 20, 21, 23, 52, 76, 77, 78, 79, 80, 81, 82, 83, 84, 85, 86, 87, 90, 91, 92, 93, 94, 108, 109, 110, 111, 114, 115, 122, 123, 124, 125, 126, 127, 128, 129, 134, 135, 136, 137, 138, 139, 140, 141, 142, 143, 144, 145, 146, 159, 170, 173, 174, 175, 176, 177, 180, 188, 194, 195, 196, 197, 198, 199, 200, 201, 205, 209, 213, 214, 215, 216, 217, 218, 219, 220, 226, 227, 228, 232, 250, 251, 256, 257, 262, 268, 269], "summary": {"covered_lines": 98, "num_statements": 101, "percent_covered": 97.02970297029702, "percent_covered_display": "97", "missing_lines": 3, "excluded_lines": 0}, "missing_lines": [179, 221, 224], "excluded_lines": []}}}, "src\\review_insights\\data_store.py": {"executed_lines": [1, 3, 4, 5, 6, 7, 8, 9, 10, 11, 12, 14, 16, 23, 26, 27, 28, 31, 39, 48, 53, 54, 57, 58, 59, 60, 61, 62, 63, 64, 65, 66, 67, 68, 69, 70, 71, 72, 73, 74, 75, 76, 77, 78, 79, 80, 81, 82, 83, 84, 85, 86, 87, 88, 89, 90, 91, 92, 93, 94, 95, 96, 97, 98, 99, 100, 101, 102, 103, 106, 111, 116, 117, 127, 130, 131, 132, 133, 134, 135, 138, 141, 142, 143, 146, 147, 148, 149, 151, 152, 154, 155, 156, 158, 159, 160, 162, 163, 165, 166, 167, 168, 169, 171, 172, 173, 174, 175, 176, 178, 179, 180, 181, 183, 186, 187, 188, 190, 191, 193, 196, 197, 200, 201, 202, 203, 204, 207, 208, 209, 210, 211, 212, 213, 216, 219, 220, 221, 224, 225, 230, 231, 232, 233, 236, 237, 238, 241, 242, 243, 244, 245, 246, 249, 250, 251, 252, 253, 254, 255, 256, 266, 269, 270, 277, 278, 280, 281, 284, 285, 288, 295, 296, 298, 299, 300, 304, 305, 306, 307, 315, 316, 317, 318, 319, 320, 322, 323, 324, 325, 326, 333, 334, 335, 336, 337, 341, 342, 347, 355, 358, 359, 360, 363, 364, 365, 366, 367, 368, 369, 370, 371, 372, 373, 374, 375, 377, 378, 379, 380, 381, 383, 384, 385, 386, 387, 388, 392, 393, 394, 396, 397, 398, 399, 400, 401, 402, 403, 404, 405, 406, 408, 409, 410, 411, 412, 413, 414, 415, 416, 417, 418, 419, 420, 421, 422, 423, 424, 425, 426, 427, 429, 451, 507, 508, 509, 510, 511, 514, 515, 516, 518, 519, 520, 521, 526, 527, 528, 533, 534, 535, 538, 540, 541, 542, 543, 544], "summary": {"covered_lines": 287, "num_statements": 314, "percent_covered": 91.40127388535032, "percent_covered_display": "91", "missing_lines": 27, "excluded_lines": 0}, "missing_lines": [107, 108, 112, 113, 137, 215, 222, 264, 265, 279, 308, 309, 310, 311, 313, 338, 343, 344, 356, 361, 389, 517, 522, 523, 536, 537, 539], "excluded_lines": [], "functions": {"default_data_root": {"executed_lines": [], "summary": {"covered_lines": 0, "num_statements": 2, "percent_covered": 0.0, "percent_covered_display": "0", "missing_lines": 2, "excluded_lines": 0}, "missing_lines": [107, 108], "excluded_lines": []}, "build_dataset_version": {"executed_lines": [], "summary": {"covered_lines": 0, "num_statements": 2, "percent_covered": 0.0, "percent_covered_display": "0", "missing_lines": 2, "excluded_lines": 0}, "missing_lines": [112, 113], "excluded_lines": []}, "ensure_data_store": {"executed_lines": [117, 127], "summary": {"covered_lines": 2, "num_statements": 2, "percent_covered": 100.0, "percent_covered_display": "100", "missing_lines": 0, "excluded_lines": 0}, "missing_lines": [], "excluded_lines": []}, "load_training_dataset": {"executed_lines": [131, 132, 133, 134, 135, 138], "summary": {"covered_lines": 6, "num_statements": 7, "percent_covered": 85.71428571428571, "percent_covered_display": "86", "missing_lines": 1, "excluded_lines": 0}, "missing_lines": [137], "excluded_lines": []}, "_add_rejection_reason": {"executed_lines": [142, 143], "summary": {"covered_lines": 2, "num_statements": 2, "percent_covered": 100.0, "percent_covered_display": "100", "missing_lines": 0, "excluded_lines": 0}, "missing_lines": [], "excluded_lines": []}, "validate_training_dataset": {"executed_lines": [147, 148, 149, 151, 152, 154, 155, 156, 158, 159, 160, 162, 163, 165, 166, 167, 168, 169, 171, 172, 173, 174, 175, 176, 178, 179, 180, 181, 183, 186, 187, 188, 190, 191, 193], "summary": {"covered_lines": 35, "num_statements": 35, "percent_covered": 100.0, "percent_covered_display": "100", "missing_lines": 0, "excluded_lines": 0}, "missing_lines": [], "excluded_lines": []}, "_registry_path": {"executed_lines": [197], "summary": {"covered_lines": 1, "num_statements": 1, "percent_covered": 100.0, "percent_covered_display": "100", "missing_lines": 0, "excluded_lines": 0}, "missing_lines": [], "excluded_lines": []}, "_write_json_atomic": {"executed_lines": [201, 202, 203, 204], "summary": {"covered_lines": 4, "num_statements": 4, "percent_covered": 100.0, "percent_covered_display": "100", "missing_lines": 0, "excluded_lines": 0}, "missing_lines": [], "excluded_lines": []}, "_write_dataframe_atomic": {"executed_lines": [208, 209, 210, 211, 212, 213, 216], "summary": {"covered_lines": 7, "num_statements": 8, "percent_covered": 87.5, "percent_covered_display": "88", "missing_lines": 1, "excluded_lines": 0}, "missing_lines": [215], "excluded_lines": []}, "_write_registry_entry": {"executed_lines": [220, 221, 224, 225, 230, 231, 232, 233], "summary": {"covered_lines": 8, "num_statements": 9, "percent_covered": 88.88888888888889, "percent_covered_display": "89", "missing_lines": 1, "excluded_lines": 0}, "missing_lines": [222], "excluded_lines": []}, "_copy_raw_source": {"executed_lines": [237, 238], "summary": {"covered_lines": 2, "num_statements": 2, "percent_covered": 100.0, "percent_covered_display": "100", "missing_lines": 0, "excluded_lines": 0}, "missing_lines": [], "excluded_lines": []}, "_sha256": {"executed_lines": [242, 243, 244, 245, 246], "summary": {"covered_lines": 5, "num_statements": 5, "percent_covered": 100.0, "percent_covered_display": "100", "missing_lines": 0, "excluded_lines": 0}, "missing_lines": [], "excluded_lines": []}, "_current_git_commit": {"executed_lines": [250, 251, 252, 253, 254, 255, 256, 266], "summary": {"covered_lines": 8, "num_statements": 10, "percent_covered": 80.0, "percent_covered_display": "80", "missing_lines": 2, "excluded_lines": 0}, "missing_lines": [264, 265], "excluded_lines": []}, "_artifact_checksums": {"executed_lines": [270], "summary": {"covered_lines": 1, "num_statements": 1, "percent_covered": 100.0, "percent_covered_display": "100", "missing_lines": 0, "excluded_lines": 0}, "missing_lines": [], "excluded_lines": []}, "_raise_for_failed_quality_gates": {"executed_lines": [278, 280, 281], "summary": {"covered_lines": 3, "num_statements": 4, "percent_covered": 75.0, "percent_covered_display": "75", "missing_lines": 1, "excluded_lines": 0}, "missing_lines": [279], "excluded_lines": []}, "_stable_row_score": {"executed_lines": [285], "summary": {"covered_lines": 1, "num_statements": 1, "percent_covered": 100.0, "percent_covered_display": "100", "missing_lines": 0, "excluded_lines": 0}, "missing_lines": [], "excluded_lines": []}, "split_training_dataset": {"executed_lines": [295, 296, 298, 299, 300, 304, 305, 306, 307, 315, 316, 317, 318, 319, 320, 322, 323, 324, 325, 326], "summary": {"covered_lines": 20, "num_statements": 25, "percent_covered": 80.0, "percent_covered_display": "80", "missing_lines": 5, "excluded_lines": 0}, "missing_lines": [308, 309, 310, 311, 313], "excluded_lines": []}, "_existing_ingestion_result": {"executed_lines": [334, 335, 336, 337, 341, 342], "summary": {"covered_lines": 6, "num_statements": 9, "percent_covered": 66.66666666666667, "percent_covered_display": "67", "missing_lines": 3, "excluded_lines": 0}, "missing_lines": [338, 343, 344], "excluded_lines": []}, "ingest_csv_dataset": {"executed_lines": [355, 358, 359, 360, 363, 364, 365, 366, 367, 368, 369, 370, 371, 372, 373, 374, 375, 377, 378, 379, 380, 381, 383, 384, 385, 386, 387, 388, 392, 393, 394, 396, 397, 398, 399, 400, 401, 402, 403, 404, 405, 406, 408, 409, 410, 411, 412, 413, 414, 415, 416, 417, 418, 419, 420, 421, 422, 423, 424, 425, 426, 427, 429, 451, 507, 508, 509, 510, 511], "summary": {"covered_lines": 69, "num_statements": 72, "percent_covered": 95.83333333333333, "percent_covered_display": "96", "missing_lines": 3, "excluded_lines": 0}, "missing_lines": [356, 361, 389], "excluded_lines": []}, "latest_validated_dataset": {"executed_lines": [515, 516, 518, 519, 520, 521], "summary": {"covered_lines": 6, "num_statements": 9, "percent_covered": 66.66666666666667, "percent_covered_display": "67", "missing_lines": 3, "excluded_lines": 0}, "missing_lines": [517, 522, 523], "excluded_lines": []}, "latest_ready_validated_dataset": {"executed_lines": [527, 528, 533, 534, 535, 538, 540, 541, 542, 543, 544], "summary": {"covered_lines": 11, "num_statements": 14, "percent_covered": 78.57142857142857, "percent_covered_display": "79", "missing_lines": 3, "excluded_lines": 0}, "missing_lines": [536, 537, 539], "excluded_lines": []}, "": {"executed_lines": [1, 3, 4, 5, 6, 7, 8, 9, 10, 11, 12, 14, 16, 23, 26, 27, 28, 31, 39, 48, 53, 54, 57, 58, 59, 60, 61, 62, 63, 64, 65, 66, 67, 68, 69, 70, 71, 72, 73, 74, 75, 76, 77, 78, 79, 80, 81, 82, 83, 84, 85, 86, 87, 88, 89, 90, 91, 92, 93, 94, 95, 96, 97, 98, 99, 100, 101, 102, 103, 106, 111, 116, 130, 141, 146, 196, 200, 207, 219, 236, 241, 249, 269, 277, 284, 288, 333, 347, 514, 526], "summary": {"covered_lines": 90, "num_statements": 90, "percent_covered": 100.0, "percent_covered_display": "100", "missing_lines": 0, "excluded_lines": 0}, "missing_lines": [], "excluded_lines": []}}, "classes": {"DatasetIngestionResult": {"executed_lines": [], "summary": {"covered_lines": 0, "num_statements": 0, "percent_covered": 100.0, "percent_covered_display": "100", "missing_lines": 0, "excluded_lines": 0}, "missing_lines": [], "excluded_lines": []}, "": {"executed_lines": [1, 3, 4, 5, 6, 7, 8, 9, 10, 11, 12, 14, 16, 23, 26, 27, 28, 31, 39, 48, 53, 54, 57, 58, 59, 60, 61, 62, 63, 64, 65, 66, 67, 68, 69, 70, 71, 72, 73, 74, 75, 76, 77, 78, 79, 80, 81, 82, 83, 84, 85, 86, 87, 88, 89, 90, 91, 92, 93, 94, 95, 96, 97, 98, 99, 100, 101, 102, 103, 106, 111, 116, 117, 127, 130, 131, 132, 133, 134, 135, 138, 141, 142, 143, 146, 147, 148, 149, 151, 152, 154, 155, 156, 158, 159, 160, 162, 163, 165, 166, 167, 168, 169, 171, 172, 173, 174, 175, 176, 178, 179, 180, 181, 183, 186, 187, 188, 190, 191, 193, 196, 197, 200, 201, 202, 203, 204, 207, 208, 209, 210, 211, 212, 213, 216, 219, 220, 221, 224, 225, 230, 231, 232, 233, 236, 237, 238, 241, 242, 243, 244, 245, 246, 249, 250, 251, 252, 253, 254, 255, 256, 266, 269, 270, 277, 278, 280, 281, 284, 285, 288, 295, 296, 298, 299, 300, 304, 305, 306, 307, 315, 316, 317, 318, 319, 320, 322, 323, 324, 325, 326, 333, 334, 335, 336, 337, 341, 342, 347, 355, 358, 359, 360, 363, 364, 365, 366, 367, 368, 369, 370, 371, 372, 373, 374, 375, 377, 378, 379, 380, 381, 383, 384, 385, 386, 387, 388, 392, 393, 394, 396, 397, 398, 399, 400, 401, 402, 403, 404, 405, 406, 408, 409, 410, 411, 412, 413, 414, 415, 416, 417, 418, 419, 420, 421, 422, 423, 424, 425, 426, 427, 429, 451, 507, 508, 509, 510, 511, 514, 515, 516, 518, 519, 520, 521, 526, 527, 528, 533, 534, 535, 538, 540, 541, 542, 543, 544], "summary": {"covered_lines": 287, "num_statements": 314, "percent_covered": 91.40127388535032, "percent_covered_display": "91", "missing_lines": 27, "excluded_lines": 0}, "missing_lines": [107, 108, 112, 113, 137, 215, 222, 264, 265, 279, 308, 309, 310, 311, 313, 338, 343, 344, 356, 361, 389, 517, 522, 523, 536, 537, 539], "excluded_lines": []}}}, "src\\review_insights\\dataset.py": {"executed_lines": [1, 3, 4, 5, 6, 8, 11, 21, 24, 25, 28, 29, 31, 34, 47, 48, 49, 50, 51, 52, 53, 55, 56, 57, 58, 59, 60, 63, 64, 65, 66, 67, 75], "summary": {"covered_lines": 33, "num_statements": 45, "percent_covered": 73.33333333333333, "percent_covered_display": "73", "missing_lines": 12, "excluded_lines": 0}, "missing_lines": [30, 35, 36, 37, 38, 39, 40, 41, 42, 43, 44, 54], "excluded_lines": [], "functions": {"load_default_dataset": {"executed_lines": [25], "summary": {"covered_lines": 1, "num_statements": 1, "percent_covered": 100.0, "percent_covered_display": "100", "missing_lines": 0, "excluded_lines": 0}, "missing_lines": [], "excluded_lines": []}, "load_reference_evaluation_dataset": {"executed_lines": [29, 31], "summary": {"covered_lines": 2, "num_statements": 3, "percent_covered": 66.66666666666667, "percent_covered_display": "67", "missing_lines": 1, "excluded_lines": 0}, "missing_lines": [30], "excluded_lines": []}, "safe_read_csv_filelike": {"executed_lines": [], "summary": {"covered_lines": 0, "num_statements": 10, "percent_covered": 0.0, "percent_covered_display": "0", "missing_lines": 10, "excluded_lines": 0}, "missing_lines": [35, 36, 37, 38, 39, 40, 41, 42, 43, 44], "excluded_lines": []}, "prepare_dataset": {"executed_lines": [48, 49, 50, 51, 52, 53, 55, 56, 57, 58, 59, 60], "summary": {"covered_lines": 12, "num_statements": 13, "percent_covered": 92.3076923076923, "percent_covered_display": "92", "missing_lines": 1, "excluded_lines": 0}, "missing_lines": [54], "excluded_lines": []}, "flatten_results": {"executed_lines": [64, 65, 66, 67, 75], "summary": {"covered_lines": 5, "num_statements": 5, "percent_covered": 100.0, "percent_covered_display": "100", "missing_lines": 0, "excluded_lines": 0}, "missing_lines": [], "excluded_lines": []}, "": {"executed_lines": [1, 3, 4, 5, 6, 8, 11, 21, 24, 28, 34, 47, 63], "summary": {"covered_lines": 13, "num_statements": 13, "percent_covered": 100.0, "percent_covered_display": "100", "missing_lines": 0, "excluded_lines": 0}, "missing_lines": [], "excluded_lines": []}}, "classes": {"": {"executed_lines": [1, 3, 4, 5, 6, 8, 11, 21, 24, 25, 28, 29, 31, 34, 47, 48, 49, 50, 51, 52, 53, 55, 56, 57, 58, 59, 60, 63, 64, 65, 66, 67, 75], "summary": {"covered_lines": 33, "num_statements": 45, "percent_covered": 73.33333333333333, "percent_covered_display": "73", "missing_lines": 12, "excluded_lines": 0}, "missing_lines": [30, 35, 36, 37, 38, 39, 40, 41, 42, 43, 44, 54], "excluded_lines": []}}}, "src\\review_insights\\drift.py": {"executed_lines": [1, 3, 4, 5, 6, 7, 8, 10, 12, 19, 20, 23, 26, 27, 28, 29, 30, 31, 32, 33, 34, 35, 36, 37, 38, 39, 40, 43, 44, 45, 46, 47, 62, 70, 77, 79, 82, 83, 84, 85, 86, 87, 88, 89, 90, 91, 93, 96, 100, 101, 103, 104, 110, 113, 114, 115, 116, 117, 118, 121, 122, 123, 124, 125, 126, 129, 133, 134, 135, 136, 137, 138, 139, 140, 141, 142, 144, 145, 146, 147, 148, 149, 150, 151, 155, 156, 168, 176, 177, 181, 185, 186, 187, 188, 193, 198, 204, 205, 206, 207, 208, 209, 248, 249, 250, 251, 252, 253, 254, 255, 257, 258, 259, 297, 298, 299, 300, 301, 302, 305, 313, 314, 315, 316, 317, 318, 345, 346, 347, 348, 349, 352, 353, 354, 355, 356, 357, 358, 359, 360, 361, 362, 364, 365, 366, 367, 368, 369, 372, 379, 380, 383, 384, 385, 386, 387, 388, 389, 390, 391, 392, 393, 394, 395, 402, 406, 413, 414, 415, 416, 418, 419], "summary": {"covered_lines": 172, "num_statements": 185, "percent_covered": 92.97297297297297, "percent_covered_display": "93", "missing_lines": 13, "excluded_lines": 0}, "missing_lines": [69, 78, 92, 143, 152, 153, 154, 338, 344, 381, 382, 396, 397], "excluded_lines": [], "functions": {"load_drift_policy": {"executed_lines": [44, 45, 46, 47, 62, 70, 77, 79], "summary": {"covered_lines": 8, "num_statements": 10, "percent_covered": 80.0, "percent_covered_display": "80", "missing_lines": 2, "excluded_lines": 0}, "missing_lines": [69, 78], "excluded_lines": []}, "_probabilities": {"executed_lines": [83, 84, 85, 86, 87, 88, 89, 90, 91, 93], "summary": {"covered_lines": 10, "num_statements": 11, "percent_covered": 90.9090909090909, "percent_covered_display": "91", "missing_lines": 1, "excluded_lines": 0}, "missing_lines": [92], "excluded_lines": []}, "jensen_shannon_divergence": {"executed_lines": [100, 101, 103, 110], "summary": {"covered_lines": 4, "num_statements": 4, "percent_covered": 100.0, "percent_covered_display": "100", "missing_lines": 0, "excluded_lines": 0}, "missing_lines": [], "excluded_lines": []}, "jensen_shannon_divergence.kl_divergence": {"executed_lines": [104], "summary": {"covered_lines": 1, "num_statements": 1, "percent_covered": 100.0, "percent_covered_display": "100", "missing_lines": 0, "excluded_lines": 0}, "missing_lines": [], "excluded_lines": []}, "_baseline_theme_values": {"executed_lines": [114, 115, 116, 117, 118], "summary": {"covered_lines": 5, "num_statements": 5, "percent_covered": 100.0, "percent_covered_display": "100", "missing_lines": 0, "excluded_lines": 0}, "missing_lines": [], "excluded_lines": []}, "_observed_theme_values": {"executed_lines": [122, 123, 124, 125, 126], "summary": {"covered_lines": 5, "num_statements": 5, "percent_covered": 100.0, "percent_covered_display": "100", "missing_lines": 0, "excluded_lines": 0}, "missing_lines": [], "excluded_lines": []}, "_feedback_metrics": {"executed_lines": [133, 134, 135, 136, 137, 138, 139, 140, 141, 142, 144, 145, 146, 147, 148, 149, 150, 151, 155, 156], "summary": {"covered_lines": 20, "num_statements": 24, "percent_covered": 83.33333333333333, "percent_covered_display": "83", "missing_lines": 4, "excluded_lines": 0}, "missing_lines": [143, 152, 153, 154], "excluded_lines": []}, "build_drift_report": {"executed_lines": [176, 177, 181, 185, 186, 187, 188, 193, 198, 204, 205, 206, 207, 208, 209, 248, 249, 250, 251, 252, 253, 254, 255, 257, 258, 259], "summary": {"covered_lines": 26, "num_statements": 26, "percent_covered": 100.0, "percent_covered_display": "100", "missing_lines": 0, "excluded_lines": 0}, "missing_lines": [], "excluded_lines": []}, "write_drift_report": {"executed_lines": [298, 299, 300, 301, 302], "summary": {"covered_lines": 5, "num_statements": 5, "percent_covered": 100.0, "percent_covered_display": "100", "missing_lines": 0, "excluded_lines": 0}, "missing_lines": [], "excluded_lines": []}, "evaluate_drift": {"executed_lines": [313, 314, 315, 316, 317, 318, 345, 346, 347, 348, 349], "summary": {"covered_lines": 11, "num_statements": 13, "percent_covered": 84.61538461538461, "percent_covered_display": "85", "missing_lines": 2, "excluded_lines": 0}, "missing_lines": [338, 344], "excluded_lines": []}, "_candidate_records": {"executed_lines": [353, 354, 355, 356, 357, 358, 359, 360, 361, 362, 364, 365, 366, 367, 368, 369], "summary": {"covered_lines": 16, "num_statements": 16, "percent_covered": 100.0, "percent_covered_display": "100", "missing_lines": 0, "excluded_lines": 0}, "missing_lines": [], "excluded_lines": []}, "inspect_labeled_candidate_csv": {"executed_lines": [379, 380, 383, 384, 385, 386, 387, 388, 389, 390, 391, 392, 393, 394, 395, 402, 406, 413, 414, 415, 416, 418, 419], "summary": {"covered_lines": 23, "num_statements": 27, "percent_covered": 85.18518518518519, "percent_covered_display": "85", "missing_lines": 4, "excluded_lines": 0}, "missing_lines": [381, 382, 396, 397], "excluded_lines": []}, "": {"executed_lines": [1, 3, 4, 5, 6, 7, 8, 10, 12, 19, 20, 23, 26, 27, 28, 29, 30, 31, 32, 33, 34, 35, 36, 37, 38, 39, 40, 43, 82, 96, 113, 121, 129, 168, 297, 305, 352, 372], "summary": {"covered_lines": 38, "num_statements": 38, "percent_covered": 100.0, "percent_covered_display": "100", "missing_lines": 0, "excluded_lines": 0}, "missing_lines": [], "excluded_lines": []}}, "classes": {"DriftPolicy": {"executed_lines": [], "summary": {"covered_lines": 0, "num_statements": 0, "percent_covered": 100.0, "percent_covered_display": "100", "missing_lines": 0, "excluded_lines": 0}, "missing_lines": [], "excluded_lines": []}, "": {"executed_lines": [1, 3, 4, 5, 6, 7, 8, 10, 12, 19, 20, 23, 26, 27, 28, 29, 30, 31, 32, 33, 34, 35, 36, 37, 38, 39, 40, 43, 44, 45, 46, 47, 62, 70, 77, 79, 82, 83, 84, 85, 86, 87, 88, 89, 90, 91, 93, 96, 100, 101, 103, 104, 110, 113, 114, 115, 116, 117, 118, 121, 122, 123, 124, 125, 126, 129, 133, 134, 135, 136, 137, 138, 139, 140, 141, 142, 144, 145, 146, 147, 148, 149, 150, 151, 155, 156, 168, 176, 177, 181, 185, 186, 187, 188, 193, 198, 204, 205, 206, 207, 208, 209, 248, 249, 250, 251, 252, 253, 254, 255, 257, 258, 259, 297, 298, 299, 300, 301, 302, 305, 313, 314, 315, 316, 317, 318, 345, 346, 347, 348, 349, 352, 353, 354, 355, 356, 357, 358, 359, 360, 361, 362, 364, 365, 366, 367, 368, 369, 372, 379, 380, 383, 384, 385, 386, 387, 388, 389, 390, 391, 392, 393, 394, 395, 402, 406, 413, 414, 415, 416, 418, 419], "summary": {"covered_lines": 172, "num_statements": 185, "percent_covered": 92.97297297297297, "percent_covered_display": "93", "missing_lines": 13, "excluded_lines": 0}, "missing_lines": [69, 78, 92, 143, 152, 153, 154, 338, 344, 381, 382, 396, 397], "excluded_lines": []}}}, "src\\review_insights\\engine.py": {"executed_lines": [1, 3, 4, 5, 7, 10, 90, 109, 133, 136, 137, 138, 139, 140, 141, 144, 145, 146, 149, 150, 153, 154, 155, 156, 159, 160, 161, 162, 163, 166, 167, 168, 169, 170, 171, 172, 173, 174, 175, 176, 177, 178, 179, 181, 182, 183, 184, 185, 188, 189, 190, 191, 192, 193, 199, 202, 203, 204, 205, 206, 207, 208, 209, 210, 211, 215, 216, 217, 218, 222, 223, 224, 227, 228, 229, 230, 231, 232, 233, 234, 235, 237, 238, 239, 240, 241, 242, 245, 246, 247, 248, 249, 252, 253, 256, 257, 258, 259, 260, 261, 264, 265, 282, 283, 286, 287, 288, 289, 291, 292, 293, 295, 296, 297, 298, 299, 300, 301, 302, 312, 314, 326, 327, 328, 329, 330, 332], "summary": {"covered_lines": 127, "num_statements": 131, "percent_covered": 96.94656488549619, "percent_covered_display": "97", "missing_lines": 4, "excluded_lines": 0}, "missing_lines": [212, 213, 219, 220], "excluded_lines": [], "functions": {"normalize_text": {"executed_lines": [145, 146], "summary": {"covered_lines": 2, "num_statements": 2, "percent_covered": 100.0, "percent_covered_display": "100", "missing_lines": 0, "excluded_lines": 0}, "missing_lines": [], "excluded_lines": []}, "tokenize": {"executed_lines": [150], "summary": {"covered_lines": 1, "num_statements": 1, "percent_covered": 100.0, "percent_covered_display": "100", "missing_lines": 0, "excluded_lines": 0}, "missing_lines": [], "excluded_lines": []}, "split_sentences": {"executed_lines": [154, 155, 156], "summary": {"covered_lines": 3, "num_statements": 3, "percent_covered": 100.0, "percent_covered_display": "100", "missing_lines": 0, "excluded_lines": 0}, "missing_lines": [], "excluded_lines": []}, "term_present": {"executed_lines": [160, 161, 162, 163], "summary": {"covered_lines": 4, "num_statements": 4, "percent_covered": 100.0, "percent_covered_display": "100", "missing_lines": 0, "excluded_lines": 0}, "missing_lines": [], "excluded_lines": []}, "collect_theme_evidence": {"executed_lines": [167, 168, 169, 170, 171, 172, 173, 174, 175, 176, 177, 178, 179, 181, 182, 183, 184, 185], "summary": {"covered_lines": 18, "num_statements": 18, "percent_covered": 100.0, "percent_covered_display": "100", "missing_lines": 0, "excluded_lines": 0}, "missing_lines": [], "excluded_lines": []}, "detect_themes": {"executed_lines": [189, 190, 191, 192, 193, 199], "summary": {"covered_lines": 6, "num_statements": 6, "percent_covered": 100.0, "percent_covered_display": "100", "missing_lines": 0, "excluded_lines": 0}, "missing_lines": [], "excluded_lines": []}, "score_sentence_sentiment": {"executed_lines": [203, 204, 205, 206, 207, 208, 209, 210, 211, 215, 216, 217, 218, 222, 223, 224], "summary": {"covered_lines": 16, "num_statements": 20, "percent_covered": 80.0, "percent_covered_display": "80", "missing_lines": 4, "excluded_lines": 0}, "missing_lines": [212, 213, 219, 220], "excluded_lines": []}, "score_sentiment": {"executed_lines": [228, 229, 230, 231, 232, 233, 234, 235, 237, 238, 239, 240, 241, 242], "summary": {"covered_lines": 14, "num_statements": 14, "percent_covered": 100.0, "percent_covered_display": "100", "missing_lines": 0, "excluded_lines": 0}, "missing_lines": [], "excluded_lines": []}, "extract_theme_context": {"executed_lines": [246, 247, 248, 249], "summary": {"covered_lines": 4, "num_statements": 4, "percent_covered": 100.0, "percent_covered_display": "100", "missing_lines": 0, "excluded_lines": 0}, "missing_lines": [], "excluded_lines": []}, "score_theme_sentiment": {"executed_lines": [253], "summary": {"covered_lines": 1, "num_statements": 1, "percent_covered": 100.0, "percent_covered_display": "100", "missing_lines": 0, "excluded_lines": 0}, "missing_lines": [], "excluded_lines": []}, "human_review_needed": {"executed_lines": [257, 258, 259, 260, 261], "summary": {"covered_lines": 5, "num_statements": 5, "percent_covered": 100.0, "percent_covered_display": "100", "missing_lines": 0, "excluded_lines": 0}, "missing_lines": [], "excluded_lines": []}, "actionable_text": {"executed_lines": [265, 282, 283], "summary": {"covered_lines": 3, "num_statements": 3, "percent_covered": 100.0, "percent_covered_display": "100", "missing_lines": 0, "excluded_lines": 0}, "missing_lines": [], "excluded_lines": []}, "analyze_review": {"executed_lines": [287, 288, 289, 291, 292, 293, 295, 296, 297, 298, 299, 300, 301, 302, 312, 314, 326, 327, 328, 329, 330, 332], "summary": {"covered_lines": 22, "num_statements": 22, "percent_covered": 100.0, "percent_covered_display": "100", "missing_lines": 0, "excluded_lines": 0}, "missing_lines": [], "excluded_lines": []}, "": {"executed_lines": [1, 3, 4, 5, 7, 10, 90, 109, 133, 136, 137, 138, 139, 140, 141, 144, 149, 153, 159, 166, 188, 202, 227, 245, 252, 256, 264, 286], "summary": {"covered_lines": 28, "num_statements": 28, "percent_covered": 100.0, "percent_covered_display": "100", "missing_lines": 0, "excluded_lines": 0}, "missing_lines": [], "excluded_lines": []}}, "classes": {"ThemeResult": {"executed_lines": [], "summary": {"covered_lines": 0, "num_statements": 0, "percent_covered": 100.0, "percent_covered_display": "100", "missing_lines": 0, "excluded_lines": 0}, "missing_lines": [], "excluded_lines": []}, "": {"executed_lines": [1, 3, 4, 5, 7, 10, 90, 109, 133, 136, 137, 138, 139, 140, 141, 144, 145, 146, 149, 150, 153, 154, 155, 156, 159, 160, 161, 162, 163, 166, 167, 168, 169, 170, 171, 172, 173, 174, 175, 176, 177, 178, 179, 181, 182, 183, 184, 185, 188, 189, 190, 191, 192, 193, 199, 202, 203, 204, 205, 206, 207, 208, 209, 210, 211, 215, 216, 217, 218, 222, 223, 224, 227, 228, 229, 230, 231, 232, 233, 234, 235, 237, 238, 239, 240, 241, 242, 245, 246, 247, 248, 249, 252, 253, 256, 257, 258, 259, 260, 261, 264, 265, 282, 283, 286, 287, 288, 289, 291, 292, 293, 295, 296, 297, 298, 299, 300, 301, 302, 312, 314, 326, 327, 328, 329, 330, 332], "summary": {"covered_lines": 127, "num_statements": 131, "percent_covered": 96.94656488549619, "percent_covered_display": "97", "missing_lines": 4, "excluded_lines": 0}, "missing_lines": [212, 213, 219, 220], "excluded_lines": []}}}, "src\\review_insights\\evaluation.py": {"executed_lines": [1, 3, 4, 6, 9, 14, 17, 18, 19, 20, 21, 22, 23, 24, 25, 26, 27, 28, 29, 30, 31, 32, 33, 35, 36, 55, 56, 59, 60, 63, 64, 69, 71, 74, 79, 80, 81, 86, 87, 88, 90, 92, 93, 94, 95, 96, 97, 98, 99, 100, 108, 109, 118, 119, 120, 121, 122, 123, 124, 125, 126, 138, 139, 140, 142, 143, 144, 145, 146, 147, 148, 149, 150, 151, 152, 153, 154, 155, 156, 157, 161, 173, 174, 175, 176, 180, 181, 182, 184, 185, 186, 187, 188, 190, 191, 192, 193, 195], "summary": {"covered_lines": 98, "num_statements": 100, "percent_covered": 98.0, "percent_covered_display": "98", "missing_lines": 2, "excluded_lines": 0}, "missing_lines": [70, 89], "excluded_lines": [], "functions": {"EvaluationSummary.to_dict": {"executed_lines": [36], "summary": {"covered_lines": 1, "num_statements": 1, "percent_covered": 100.0, "percent_covered_display": "100", "missing_lines": 0, "excluded_lines": 0}, "missing_lines": [], "excluded_lines": []}, "_safe_div": {"executed_lines": [56], "summary": {"covered_lines": 1, "num_statements": 1, "percent_covered": 100.0, "percent_covered_display": "100", "missing_lines": 0, "excluded_lines": 0}, "missing_lines": [], "excluded_lines": []}, "_f1": {"executed_lines": [60], "summary": {"covered_lines": 1, "num_statements": 1, "percent_covered": 100.0, "percent_covered_display": "100", "missing_lines": 0, "excluded_lines": 0}, "missing_lines": [], "excluded_lines": []}, "_macro_average": {"executed_lines": [64, 69, 71], "summary": {"covered_lines": 3, "num_statements": 4, "percent_covered": 75.0, "percent_covered_display": "75", "missing_lines": 1, "excluded_lines": 0}, "missing_lines": [70], "excluded_lines": []}, "_classification_report": {"executed_lines": [79, 80, 81, 86, 87, 88, 90, 92, 93, 94, 95, 96, 97, 98, 99, 100, 108, 109], "summary": {"covered_lines": 18, "num_statements": 19, "percent_covered": 94.73684210526316, "percent_covered_display": "95", "missing_lines": 1, "excluded_lines": 0}, "missing_lines": [89], "excluded_lines": []}, "_binary_report": {"executed_lines": [119, 120, 121, 122, 123, 124, 125, 126], "summary": {"covered_lines": 8, "num_statements": 8, "percent_covered": 100.0, "percent_covered_display": "100", "missing_lines": 0, "excluded_lines": 0}, "missing_lines": [], "excluded_lines": []}, "evaluate_predictions": {"executed_lines": [139, 140, 142, 143, 144, 145, 146, 147, 148, 149, 150, 151, 152, 153, 154, 155, 156, 157, 161, 173, 174, 175, 176, 180, 181, 182, 184, 185, 186, 187, 188, 190, 191, 192, 193, 195], "summary": {"covered_lines": 36, "num_statements": 36, "percent_covered": 100.0, "percent_covered_display": "100", "missing_lines": 0, "excluded_lines": 0}, "missing_lines": [], "excluded_lines": []}, "": {"executed_lines": [1, 3, 4, 6, 9, 14, 17, 18, 19, 20, 21, 22, 23, 24, 25, 26, 27, 28, 29, 30, 31, 32, 33, 35, 55, 59, 63, 74, 118, 138], "summary": {"covered_lines": 30, "num_statements": 30, "percent_covered": 100.0, "percent_covered_display": "100", "missing_lines": 0, "excluded_lines": 0}, "missing_lines": [], "excluded_lines": []}}, "classes": {"EvaluationSummary": {"executed_lines": [36], "summary": {"covered_lines": 1, "num_statements": 1, "percent_covered": 100.0, "percent_covered_display": "100", "missing_lines": 0, "excluded_lines": 0}, "missing_lines": [], "excluded_lines": []}, "": {"executed_lines": [1, 3, 4, 6, 9, 14, 17, 18, 19, 20, 21, 22, 23, 24, 25, 26, 27, 28, 29, 30, 31, 32, 33, 35, 55, 56, 59, 60, 63, 64, 69, 71, 74, 79, 80, 81, 86, 87, 88, 90, 92, 93, 94, 95, 96, 97, 98, 99, 100, 108, 109, 118, 119, 120, 121, 122, 123, 124, 125, 126, 138, 139, 140, 142, 143, 144, 145, 146, 147, 148, 149, 150, 151, 152, 153, 154, 155, 156, 157, 161, 173, 174, 175, 176, 180, 181, 182, 184, 185, 186, 187, 188, 190, 191, 192, 193, 195], "summary": {"covered_lines": 97, "num_statements": 99, "percent_covered": 97.97979797979798, "percent_covered_display": "98", "missing_lines": 2, "excluded_lines": 0}, "missing_lines": [70, 89], "excluded_lines": []}}}, "src\\review_insights\\feedback_store.py": {"executed_lines": [1, 3, 4, 5, 6, 7, 8, 11, 14, 15, 16, 17, 18, 19, 20, 21, 22, 23, 25, 26, 37, 38, 41, 42, 43, 45, 47, 49, 51, 54, 55, 56, 57, 58, 59, 60, 61, 64, 65, 66, 67, 68, 69, 70, 71, 72, 73, 74, 75, 76, 77, 78, 79, 80, 81], "summary": {"covered_lines": 55, "num_statements": 59, "percent_covered": 93.22033898305085, "percent_covered_display": "93", "missing_lines": 4, "excluded_lines": 0}, "missing_lines": [44, 46, 48, 50], "excluded_lines": [], "functions": {"HumanFeedbackRecord.normalized": {"executed_lines": [26], "summary": {"covered_lines": 1, "num_statements": 1, "percent_covered": 100.0, "percent_covered_display": "100", "missing_lines": 0, "excluded_lines": 0}, "missing_lines": [], "excluded_lines": []}, "HumanFeedbackRecord.to_dict": {"executed_lines": [38], "summary": {"covered_lines": 1, "num_statements": 1, "percent_covered": 100.0, "percent_covered_display": "100", "missing_lines": 0, "excluded_lines": 0}, "missing_lines": [], "excluded_lines": []}, "validate_feedback": {"executed_lines": [42, 43, 45, 47, 49, 51], "summary": {"covered_lines": 6, "num_statements": 10, "percent_covered": 60.0, "percent_covered_display": "60", "missing_lines": 4, "excluded_lines": 0}, "missing_lines": [44, 46, 48, 50], "excluded_lines": []}, "append_feedback": {"executed_lines": [55, 56, 57, 58, 59, 60, 61], "summary": {"covered_lines": 7, "num_statements": 7, "percent_covered": 100.0, "percent_covered_display": "100", "missing_lines": 0, "excluded_lines": 0}, "missing_lines": [], "excluded_lines": []}, "read_feedback": {"executed_lines": [65, 66, 67, 68, 69, 70, 71, 72, 73, 74, 75, 76, 77, 78, 79, 80, 81], "summary": {"covered_lines": 17, "num_statements": 17, "percent_covered": 100.0, "percent_covered_display": "100", "missing_lines": 0, "excluded_lines": 0}, "missing_lines": [], "excluded_lines": []}, "": {"executed_lines": [1, 3, 4, 5, 6, 7, 8, 11, 14, 15, 16, 17, 18, 19, 20, 21, 22, 23, 25, 37, 41, 54, 64], "summary": {"covered_lines": 23, "num_statements": 23, "percent_covered": 100.0, "percent_covered_display": "100", "missing_lines": 0, "excluded_lines": 0}, "missing_lines": [], "excluded_lines": []}}, "classes": {"HumanFeedbackRecord": {"executed_lines": [26, 38], "summary": {"covered_lines": 2, "num_statements": 2, "percent_covered": 100.0, "percent_covered_display": "100", "missing_lines": 0, "excluded_lines": 0}, "missing_lines": [], "excluded_lines": []}, "": {"executed_lines": [1, 3, 4, 5, 6, 7, 8, 11, 14, 15, 16, 17, 18, 19, 20, 21, 22, 23, 25, 37, 41, 42, 43, 45, 47, 49, 51, 54, 55, 56, 57, 58, 59, 60, 61, 64, 65, 66, 67, 68, 69, 70, 71, 72, 73, 74, 75, 76, 77, 78, 79, 80, 81], "summary": {"covered_lines": 53, "num_statements": 57, "percent_covered": 92.98245614035088, "percent_covered_display": "93", "missing_lines": 4, "excluded_lines": 0}, "missing_lines": [44, 46, 48, 50], "excluded_lines": []}}}, "src\\review_insights\\mlflow_model.py": {"executed_lines": [1, 3, 5, 7, 8, 9, 10, 13, 14, 19], "summary": {"covered_lines": 10, "num_statements": 21, "percent_covered": 47.61904761904762, "percent_covered_display": "48", "missing_lines": 11, "excluded_lines": 0}, "missing_lines": [15, 17, 20, 22, 23, 24, 25, 26, 28, 29, 36], "excluded_lines": [], "functions": {"ReviewInsightsPyFuncModel.load_context": {"executed_lines": [], "summary": {"covered_lines": 0, "num_statements": 2, "percent_covered": 0.0, "percent_covered_display": "0", "missing_lines": 2, "excluded_lines": 0}, "missing_lines": [15, 17], "excluded_lines": []}, "ReviewInsightsPyFuncModel.predict": {"executed_lines": [], "summary": {"covered_lines": 0, "num_statements": 9, "percent_covered": 0.0, "percent_covered_display": "0", "missing_lines": 9, "excluded_lines": 0}, "missing_lines": [20, 22, 23, 24, 25, 26, 28, 29, 36], "excluded_lines": []}, "": {"executed_lines": [1, 3, 5, 7, 8, 9, 10, 13, 14, 19], "summary": {"covered_lines": 10, "num_statements": 10, "percent_covered": 100.0, "percent_covered_display": "100", "missing_lines": 0, "excluded_lines": 0}, "missing_lines": [], "excluded_lines": []}}, "classes": {"ReviewInsightsPyFuncModel": {"executed_lines": [], "summary": {"covered_lines": 0, "num_statements": 11, "percent_covered": 0.0, "percent_covered_display": "0", "missing_lines": 11, "excluded_lines": 0}, "missing_lines": [15, 17, 20, 22, 23, 24, 25, 26, 28, 29, 36], "excluded_lines": []}, "": {"executed_lines": [1, 3, 5, 7, 8, 9, 10, 13, 14, 19], "summary": {"covered_lines": 10, "num_statements": 10, "percent_covered": 100.0, "percent_covered_display": "100", "missing_lines": 0, "excluded_lines": 0}, "missing_lines": [], "excluded_lines": []}}}, "src\\review_insights\\mlflow_tracking.py": {"executed_lines": [1, 3, 4, 5, 6, 7, 8, 9, 11, 13, 14, 17, 18, 19, 20, 21, 22, 23, 24, 25, 26, 27, 28, 31, 33, 34, 37, 38, 39, 52, 53, 54, 55, 58, 59, 60, 66, 67, 70, 71, 72, 73, 75, 78, 79, 80, 82, 83, 86, 87, 90, 95, 96, 97, 98, 99, 100, 101, 102, 103, 104, 107, 108, 109, 110, 113, 114, 115, 136, 137, 139, 140, 144, 145, 146, 147, 153, 154, 155, 156, 157, 161, 162, 163, 174, 175, 178, 200, 209, 211, 220, 221, 222, 223, 224, 227, 234, 236, 237, 260, 261, 262, 263, 265, 266, 267, 274, 280, 286, 297, 298, 299, 300, 301, 309, 311, 312, 313, 314, 315, 316, 318, 319, 320, 321, 322, 324, 334, 347, 348, 349, 350, 351, 352, 360, 361, 362, 373, 375, 376, 378, 379, 380, 381, 382, 383, 389, 395, 406, 420, 428, 429, 430, 432, 433, 440, 442, 443, 444, 445, 446, 455, 462, 474, 484, 485, 486, 488, 489, 496, 497, 505, 506, 507, 516, 530, 543, 565], "summary": {"covered_lines": 178, "num_statements": 248, "percent_covered": 71.7741935483871, "percent_covered_display": "72", "missing_lines": 70, "excluded_lines": 0}, "missing_lines": [61, 62, 63, 64, 65, 74, 81, 88, 138, 141, 148, 149, 150, 158, 164, 165, 166, 184, 185, 186, 187, 188, 189, 190, 195, 196, 197, 210, 264, 272, 273, 390, 403, 404, 447, 498, 508, 509, 531, 532, 533, 534, 535, 536, 537, 538, 539, 540, 544, 545, 546, 551, 552, 553, 554, 555, 557, 562, 574, 575, 576, 577, 586, 587, 588, 589, 612, 617, 626, 627], "excluded_lines": [], "functions": {"_configure_mlflow_console_output": {"executed_lines": [33, 34], "summary": {"covered_lines": 2, "num_statements": 2, "percent_covered": 100.0, "percent_covered_display": "100", "missing_lines": 0, "excluded_lines": 0}, "missing_lines": [], "excluded_lines": []}, "_numeric_metrics": {"executed_lines": [38, 39, 52, 53, 54, 55], "summary": {"covered_lines": 6, "num_statements": 6, "percent_covered": 100.0, "percent_covered_display": "100", "missing_lines": 0, "excluded_lines": 0}, "missing_lines": [], "excluded_lines": []}, "_log_metrics_synchronously": {"executed_lines": [59, 60, 66, 67], "summary": {"covered_lines": 4, "num_statements": 9, "percent_covered": 44.44444444444444, "percent_covered_display": "44", "missing_lines": 5, "excluded_lines": 0}, "missing_lines": [61, 62, 63, 64, 65], "excluded_lines": []}, "_resolve_model_artifact_dir": {"executed_lines": [71, 72, 73, 75], "summary": {"covered_lines": 4, "num_statements": 5, "percent_covered": 80.0, "percent_covered_display": "80", "missing_lines": 1, "excluded_lines": 0}, "missing_lines": [74], "excluded_lines": []}, "_complete_model_artifact_dir": {"executed_lines": [79, 80, 82, 83], "summary": {"covered_lines": 4, "num_statements": 5, "percent_covered": 80.0, "percent_covered_display": "80", "missing_lines": 1, "excluded_lines": 0}, "missing_lines": [81], "excluded_lines": []}, "_model_params": {"executed_lines": [87, 90, 95, 96, 97, 98, 99, 100, 101, 102, 103, 104], "summary": {"covered_lines": 12, "num_statements": 13, "percent_covered": 92.3076923076923, "percent_covered_display": "92", "missing_lines": 1, "excluded_lines": 0}, "missing_lines": [88], "excluded_lines": []}, "_runtime_model_params": {"executed_lines": [108, 109, 110, 113, 114, 115], "summary": {"covered_lines": 6, "num_statements": 6, "percent_covered": 100.0, "percent_covered_display": "100", "missing_lines": 0, "excluded_lines": 0}, "missing_lines": [], "excluded_lines": []}, "_count_files": {"executed_lines": [137, 139, 140], "summary": {"covered_lines": 3, "num_statements": 5, "percent_covered": 60.0, "percent_covered_display": "60", "missing_lines": 2, "excluded_lines": 0}, "missing_lines": [138, 141], "excluded_lines": []}, "_create_mlflow_client": {"executed_lines": [145, 146, 147], "summary": {"covered_lines": 3, "num_statements": 6, "percent_covered": 50.0, "percent_covered_display": "50", "missing_lines": 3, "excluded_lines": 0}, "missing_lines": [148, 149, 150], "excluded_lines": []}, "_extract_registered_model_version": {"executed_lines": [154, 155, 156, 157], "summary": {"covered_lines": 4, "num_statements": 5, "percent_covered": 80.0, "percent_covered_display": "80", "missing_lines": 1, "excluded_lines": 0}, "missing_lines": [158], "excluded_lines": []}, "_review_insights_model_signature": {"executed_lines": [162, 163, 174, 175], "summary": {"covered_lines": 4, "num_statements": 7, "percent_covered": 57.142857142857146, "percent_covered_display": "57", "missing_lines": 3, "excluded_lines": 0}, "missing_lines": [164, 165, 166], "excluded_lines": []}, "_find_registered_model_version": {"executed_lines": [], "summary": {"covered_lines": 0, "num_statements": 10, "percent_covered": 0.0, "percent_covered_display": "0", "missing_lines": 10, "excluded_lines": 0}, "missing_lines": [184, 185, 186, 187, 188, 189, 190, 195, 196, 197], "excluded_lines": []}, "_tag_registered_model_version": {"executed_lines": [209, 211, 220, 221, 222, 223, 224], "summary": {"covered_lines": 7, "num_statements": 8, "percent_covered": 87.5, "percent_covered_display": "88", "missing_lines": 1, "excluded_lines": 0}, "missing_lines": [210], "excluded_lines": []}, "_register_training_model": {"executed_lines": [234, 236, 237, 260, 261, 262, 263, 265, 266, 267, 274, 280], "summary": {"covered_lines": 12, "num_statements": 15, "percent_covered": 80.0, "percent_covered_display": "80", "missing_lines": 3, "excluded_lines": 0}, "missing_lines": [264, 272, 273], "excluded_lines": []}, "_log_with_mlflow_client": {"executed_lines": [297, 298, 299, 300, 301, 309, 311, 312, 313, 314, 315, 316, 318, 319, 320, 321, 322, 324], "summary": {"covered_lines": 18, "num_statements": 18, "percent_covered": 100.0, "percent_covered_display": "100", "missing_lines": 0, "excluded_lines": 0}, "missing_lines": [], "excluded_lines": []}, "_log_training_with_mlflow_client": {"executed_lines": [347, 348, 349, 350, 351, 352, 360, 361, 362, 373, 375, 376, 378, 379, 380, 381, 382, 383, 389, 395, 406], "summary": {"covered_lines": 21, "num_statements": 24, "percent_covered": 87.5, "percent_covered_display": "88", "missing_lines": 3, "excluded_lines": 0}, "missing_lines": [390, 403, 404], "excluded_lines": []}, "log_evaluation_run": {"executed_lines": [428, 429, 430, 432, 433, 440, 442, 443, 444, 445, 446, 455, 462], "summary": {"covered_lines": 13, "num_statements": 14, "percent_covered": 92.85714285714286, "percent_covered_display": "93", "missing_lines": 1, "excluded_lines": 0}, "missing_lines": [447], "excluded_lines": []}, "log_training_run": {"executed_lines": [484, 485, 486, 488, 489, 496, 497, 505, 506, 507, 516], "summary": {"covered_lines": 11, "num_statements": 14, "percent_covered": 78.57142857142857, "percent_covered_display": "79", "missing_lines": 3, "excluded_lines": 0}, "missing_lines": [498, 508, 509], "excluded_lines": []}, "_mlflow_request": {"executed_lines": [], "summary": {"covered_lines": 0, "num_statements": 10, "percent_covered": 0.0, "percent_covered_display": "0", "missing_lines": 10, "excluded_lines": 0}, "missing_lines": [531, 532, 533, 534, 535, 536, 537, 538, 539, 540], "excluded_lines": []}, "_get_or_create_experiment_id": {"executed_lines": [], "summary": {"covered_lines": 0, "num_statements": 10, "percent_covered": 0.0, "percent_covered_display": "0", "missing_lines": 10, "excluded_lines": 0}, "missing_lines": [544, 545, 546, 551, 552, 553, 554, 555, 557, 562], "excluded_lines": []}, "_log_evaluation_run_http": {"executed_lines": [], "summary": {"covered_lines": 0, "num_statements": 12, "percent_covered": 0.0, "percent_covered_display": "0", "missing_lines": 12, "excluded_lines": 0}, "missing_lines": [574, 575, 576, 577, 586, 587, 588, 589, 612, 617, 626, 627], "excluded_lines": []}, "": {"executed_lines": [1, 3, 4, 5, 6, 7, 8, 9, 11, 13, 14, 17, 18, 19, 20, 21, 22, 23, 24, 25, 26, 27, 28, 31, 37, 58, 70, 78, 86, 107, 136, 144, 153, 161, 178, 200, 227, 286, 334, 420, 474, 530, 543, 565], "summary": {"covered_lines": 44, "num_statements": 44, "percent_covered": 100.0, "percent_covered_display": "100", "missing_lines": 0, "excluded_lines": 0}, "missing_lines": [], "excluded_lines": []}}, "classes": {"MLflowRunResult": {"executed_lines": [], "summary": {"covered_lines": 0, "num_statements": 0, "percent_covered": 100.0, "percent_covered_display": "100", "missing_lines": 0, "excluded_lines": 0}, "missing_lines": [], "excluded_lines": []}, "": {"executed_lines": [1, 3, 4, 5, 6, 7, 8, 9, 11, 13, 14, 17, 18, 19, 20, 21, 22, 23, 24, 25, 26, 27, 28, 31, 33, 34, 37, 38, 39, 52, 53, 54, 55, 58, 59, 60, 66, 67, 70, 71, 72, 73, 75, 78, 79, 80, 82, 83, 86, 87, 90, 95, 96, 97, 98, 99, 100, 101, 102, 103, 104, 107, 108, 109, 110, 113, 114, 115, 136, 137, 139, 140, 144, 145, 146, 147, 153, 154, 155, 156, 157, 161, 162, 163, 174, 175, 178, 200, 209, 211, 220, 221, 222, 223, 224, 227, 234, 236, 237, 260, 261, 262, 263, 265, 266, 267, 274, 280, 286, 297, 298, 299, 300, 301, 309, 311, 312, 313, 314, 315, 316, 318, 319, 320, 321, 322, 324, 334, 347, 348, 349, 350, 351, 352, 360, 361, 362, 373, 375, 376, 378, 379, 380, 381, 382, 383, 389, 395, 406, 420, 428, 429, 430, 432, 433, 440, 442, 443, 444, 445, 446, 455, 462, 474, 484, 485, 486, 488, 489, 496, 497, 505, 506, 507, 516, 530, 543, 565], "summary": {"covered_lines": 178, "num_statements": 248, "percent_covered": 71.7741935483871, "percent_covered_display": "72", "missing_lines": 70, "excluded_lines": 0}, "missing_lines": [61, 62, 63, 64, 65, 74, 81, 88, 138, 141, 148, 149, 150, 158, 164, 165, 166, 184, 185, 186, 187, 188, 189, 190, 195, 196, 197, 210, 264, 272, 273, 390, 403, 404, 447, 498, 508, 509, 531, 532, 533, 534, 535, 536, 537, 538, 539, 540, 544, 545, 546, 551, 552, 553, 554, 555, 557, 562, 574, 575, 576, 577, 586, 587, 588, 589, 612, 617, 626, 627], "excluded_lines": []}}}, "src\\review_insights\\model_backend.py": {"executed_lines": [1, 3, 4, 5, 6, 7, 9, 10, 11, 12, 14, 15, 16, 19, 21, 37, 38, 39, 40, 41, 42, 43, 44, 47, 54, 57, 58, 59, 60, 61, 62, 63, 64, 65, 66, 69, 70, 71, 72, 73, 76, 77, 79, 80, 81, 82, 83, 86, 87, 88, 90, 91, 93, 96, 97, 98, 100, 101, 103, 104, 105, 106, 109, 121, 122, 123, 125, 126, 127, 128, 134, 136, 139, 140, 141, 142, 149, 156, 157, 158, 159, 168, 171, 172, 173, 174, 176, 187, 188, 189, 190, 191, 192, 194, 199, 200, 210, 211, 214, 215, 216, 217, 218, 222, 223, 224, 227, 228, 229, 230, 232, 233, 234, 235, 237, 238, 239, 240, 246, 247, 249, 250, 251, 253, 254, 255, 256, 257, 258, 261, 262, 263, 264, 265, 266, 267, 268, 269, 270, 280, 281, 282, 283, 284, 285, 286, 288, 290, 291, 292, 293, 295, 296, 298, 310, 311, 312, 313, 314, 316], "summary": {"covered_lines": 160, "num_statements": 181, "percent_covered": 88.39779005524862, "percent_covered_display": "88", "missing_lines": 21, "excluded_lines": 0}, "missing_lines": [89, 92, 99, 102, 110, 111, 112, 113, 114, 124, 132, 133, 135, 143, 175, 177, 178, 179, 193, 219, 225], "excluded_lines": [], "functions": {"_patch_pipeline_for_predict_proba": {"executed_lines": [58, 59, 60, 61, 62, 63, 64, 65, 66], "summary": {"covered_lines": 9, "num_statements": 9, "percent_covered": 100.0, "percent_covered_display": "100", "missing_lines": 0, "excluded_lines": 0}, "missing_lines": [], "excluded_lines": []}, "_load_joblib": {"executed_lines": [70, 71, 72, 73], "summary": {"covered_lines": 4, "num_statements": 4, "percent_covered": 100.0, "percent_covered_display": "100", "missing_lines": 0, "excluded_lines": 0}, "missing_lines": [], "excluded_lines": []}, "_sha256": {"executed_lines": [77, 79, 80, 81, 82, 83], "summary": {"covere
[...]
 {"covered_lines": 0, "num_statements": 5, "percent_covered": 0.0, "percent_covered_display": "0", "missing_lines": 5, "excluded_lines": 0}, "missing_lines": [21, 22, 23, 52, 53], "excluded_lines": []}, "": {"executed_lines": [], "summary": {"covered_lines": 0, "num_statements": 8, "percent_covered": 0.0, "percent_covered_display": "0", "missing_lines": 8, "excluded_lines": 0}, "missing_lines": [1, 3, 4, 5, 6, 9, 14, 20], "excluded_lines": []}}, "classes": {"": {"executed_lines": [], "summary": {"covered_lines": 0, "num_statements": 18, "percent_covered": 0.0, "percent_covered_display": "0", "missing_lines": 18, "excluded_lines": 0}, "missing_lines": [1, 3, 4, 5, 6, 9, 10, 11, 14, 15, 16, 17, 20, 21, 22, 23, 52, 53], "excluded_lines": []}}}, "src\\review_insights\\schemas.py": {"executed_lines": [1, 3, 5, 8, 9, 10, 11, 12, 13, 16, 17, 18, 19, 22, 23, 24, 25, 26, 27, 28, 29, 30, 33, 34, 35, 36, 37, 38, 39, 40, 41, 42, 43, 44, 45, 46, 47, 48, 49, 50, 51, 52, 53, 54, 55, 56, 57, 60, 61, 62, 63, 64, 65, 66, 67, 68, 69, 70, 71, 72, 73, 74, 75, 76, 77, 78, 81, 82, 83, 84, 85, 86, 87, 88, 89, 90, 91, 92, 93, 94, 95, 96, 97, 98, 99, 100, 101, 104, 105, 106, 109, 110, 111, 112, 113, 114, 115, 116], "summary": {"covered_lines": 98, "num_statements": 98, "percent_covered": 100.0, "percent_covered_display": "100", "missing_lines": 0, "excluded_lines": 0}, "missing_lines": [], "excluded_lines": [], "functions": {"": {"executed_lines": [1, 3, 5, 8, 9, 10, 11, 12, 13, 16, 17, 18, 19, 22, 23, 24, 25, 26, 27, 28, 29, 30, 33, 34, 35, 36, 37, 38, 39, 40, 41, 42, 43, 44, 45, 46, 47, 48, 49, 50, 51, 52, 53, 54, 55, 56, 57, 60, 61, 62, 63, 64, 65, 66, 67, 68, 69, 70, 71, 72, 73, 74, 75, 76, 77, 78, 81, 82, 83, 84, 85, 86, 87, 88, 89, 90, 91, 92, 93, 94, 95, 96, 97, 98, 99, 100, 101, 104, 105, 106, 109, 110, 111, 112, 113, 114, 115, 116], "summary": {"covered_lines": 98, "num_statements": 98, "percent_covered": 100.0, "percent_covered_display": "100", "missing_lines": 0, "excluded_lines": 0}, "missing_lines": [], "excluded_lines": []}}, "classes": {"ThemeInsight": {"executed_lines": [], "summary": {"covered_lines": 0, "num_statements": 0, "percent_covered": 100.0, "percent_covered_display": "100", "missing_lines": 0, "excluded_lines": 0}, "missing_lines": [], "excluded_lines": []}, "AnalyzeReviewRequest": {"executed_lines": [], "summary": {"covered_lines": 0, "num_statements": 0, "percent_covered": 100.0, "percent_covered_display": "100", "missing_lines": 0, "excluded_lines": 0}, "missing_lines": [], "excluded_lines": []}, "ModelProvenance": {"executed_lines": [], "summary": {"covered_lines": 0, "num_statements": 0, "percent_covered": 100.0, "percent_covered_display": "100", "missing_lines": 0, "excluded_lines": 0}, "missing_lines": [], "excluded_lines": []}, "AnalyzeReviewResponse": {"executed_lines": [], "summary": {"covered_lines": 0, "num_statements": 0, "percent_covered": 100.0, "percent_covered_display": "100", "missing_lines": 0, "excluded_lines": 0}, "missing_lines": [], "excluded_lines": []}, "HealthResponse": {"executed_lines": [], "summary": {"covered_lines": 0, "num_statements": 0, "percent_covered": 100.0, "percent_covered_display": "100", "missing_lines": 0, "excluded_lines": 0}, "missing_lines": [], "excluded_lines": []}, "MetricsResponse": {"executed_lines": [], "summary": {"covered_lines": 0, "num_statements": 0, "percent_covered": 100.0, "percent_covered_display": "100", "missing_lines": 0, "excluded_lines": 0}, "missing_lines": [], "excluded_lines": []}, "EvaluationResponse": {"executed_lines": [], "summary": {"covered_lines": 0, "num_statements": 0, "percent_covered": 100.0, "percent_covered_display": "100", "missing_lines": 0, "excluded_lines": 0}, "missing_lines": [], "excluded_lines": []}, "HumanFeedbackRequest": {"executed_lines": [], "summary": {"covered_lines": 0, "num_statements": 0, "percent_covered": 100.0, "percent_covered_display": "100", "missing_lines": 0, "excluded_lines": 0}, "missing_lines": [], "excluded_lines": []}, "": {"executed_lines": [1, 3, 5, 8, 9, 10, 11, 12, 13, 16, 17, 18, 19, 22, 23, 24, 25, 26, 27, 28, 29, 30, 33, 34, 35, 36, 37, 38, 39, 40, 41, 42, 43, 44, 45, 46, 47, 48, 49, 50, 51, 52, 53, 54, 55, 56, 57, 60, 61, 62, 63, 64, 65, 66, 67, 68, 69, 70, 71, 72, 73, 74, 75, 76, 77, 78, 81, 82, 83, 84, 85, 86, 87, 88, 89, 90, 91, 92, 93, 94, 95, 96, 97, 98, 99, 100, 101, 104, 105, 106, 109, 110, 111, 112, 113, 114, 115, 116], "summary": {"covered_lines": 98, "num_statements": 98, "percent_covered": 100.0, "percent_covered_display": "100", "missing_lines": 0, "excluded_lines": 0}, "missing_lines": [], "excluded_lines": []}}}, "src\\review_insights\\security.py": {"executed_lines": [1, 3, 4, 5, 6, 7, 8, 9, 11, 13, 16, 17, 20, 21, 22, 23, 25, 26, 27, 28, 29, 30, 31, 32, 33, 35, 38, 39, 43, 54, 55, 56, 57, 58, 59, 62, 63, 73, 74, 75, 76, 77, 78, 80, 81, 84, 85, 86, 87, 88, 90, 91, 92, 97, 100, 101, 102, 104, 105, 106, 107, 108, 112, 113, 114, 115, 116, 117], "summary": {"covered_lines": 68, "num_statements": 73, "percent_covered": 93.15068493150685, "percent_covered_display": "93", "missing_lines": 5, "excluded_lines": 0}, "missing_lines": [34, 36, 41, 82, 89], "excluded_lines": [], "functions": {"build_security_profile": {"executed_lines": [21, 22, 23, 25, 26, 27, 28, 29, 30, 31, 32, 33, 35, 38, 39, 43], "summary": {"covered_lines": 16, "num_statements": 19, "percent_covered": 84.21052631578948, "percent_covered_display": "84", "missing_lines": 3, "excluded_lines": 0}, "missing_lines": [34, 36, 41], "excluded_lines": []}, "client_identifier": {"executed_lines": [55, 56, 57, 58, 59], "summary": {"covered_lines": 5, "num_statements": 5, "percent_covered": 100.0, "percent_covered_display": "100", "missing_lines": 0, "excluded_lines": 0}, "missing_lines": [], "excluded_lines": []}, "log_security_event": {"executed_lines": [63], "summary": {"covered_lines": 1, "num_statements": 1, "percent_covered": 100.0, "percent_covered_display": "100", "missing_lines": 0, "excluded_lines": 0}, "missing_lines": [], "excluded_lines": []}, "InMemoryRateLimiter.check": {"executed_lines": [81, 84, 85, 86, 87, 88, 90, 91, 92, 97], "summary": {"covered_lines": 10, "num_statements": 12, "percent_covered": 83.33333333333333, "percent_covered_display": "83", "missing_lines": 2, "excluded_lines": 0}, "missing_lines": [82, 89], "excluded_lines": []}, "enforce_api_key": {"executed_lines": [101, 102, 104, 105, 106, 107, 108, 112, 113, 114, 115, 116, 117], "summary": {"covered_lines": 13, "num_statements": 13, "percent_covered": 100.0, "percent_covered_display": "100", "missing_lines": 0, "excluded_lines": 0}, "missing_lines": [], "excluded_lines": []}, "": {"executed_lines": [1, 3, 4, 5, 6, 7, 8, 9, 11, 13, 16, 17, 20, 54, 62, 73, 74, 75, 76, 77, 78, 80, 100], "summary": {"covered_lines": 23, "num_statements": 23, "percent_covered": 100.0, "percent_covered_display": "100", "missing_lines": 0, "excluded_lines": 0}, "missing_lines": [], "excluded_lines": []}}, "classes": {"InMemoryRateLimiter": {"executed_lines": [81, 84, 85, 86, 87, 88, 90, 91, 92, 97], "summary": {"covered_lines": 10, "num_statements": 12, "percent_covered": 83.33333333333333, "percent_covered_display": "83", "missing_lines": 2, "excluded_lines": 0}, "missing_lines": [82, 89], "excluded_lines": []}, "": {"executed_lines": [1, 3, 4, 5, 6, 7, 8, 9, 11, 13, 16, 17, 20, 21, 22, 23, 25, 26, 27, 28, 29, 30, 31, 32, 33, 35, 38, 39, 43, 54, 55, 56, 57, 58, 59, 62, 63, 73, 74, 75, 76, 77, 78, 80, 100, 101, 102, 104, 105, 106, 107, 108, 112, 113, 114, 115, 116, 117], "summary": {"covered_lines": 58, "num_statements": 61, "percent_covered": 95.08196721311475, "percent_covered_display": "95", "missing_lines": 3, "excluded_lines": 0}, "missing_lines": [34, 36, 41], "excluded_lines": []}}}, "src\\review_insights\\service.py": {"executed_lines": [1, 3, 4, 5, 6, 8, 10, 11, 12, 13, 14, 15, 16, 17, 18, 21, 24, 25, 26, 27, 28, 29, 34, 35, 36, 37, 38, 39, 40, 41, 42, 43, 44, 46, 47, 48, 49, 50, 52, 53, 64, 65, 66, 67, 68, 69, 81, 82, 83, 84, 85, 89, 90, 98, 99, 100, 101, 102, 103, 104, 105, 106, 112, 113, 114, 115, 116, 127, 128, 129, 131, 133, 134, 135, 136, 137, 138, 139, 140, 141, 142, 143, 144, 145, 146, 148, 156, 157, 158, 159, 167, 168, 169, 170, 171, 172, 178, 179, 180, 191, 193, 200, 201, 202, 203, 209, 210, 211, 212, 213, 214, 215, 216, 218, 221, 222, 223, 224, 233, 238, 239, 242, 243], "summary": {"covered_lines": 123, "num_statements": 143, "percent_covered": 86.01398601398601, "percent_covered_display": "86", "missing_lines": 20, "excluded_lines": 0}, "missing_lines": [70, 71, 72, 73, 74, 75, 86, 87, 88, 117, 118, 119, 120, 121, 125, 130, 166, 189, 190, 219], "excluded_lines": [], "functions": {"ReviewAnalysisService.__init__": {"executed_lines": [26, 27, 28, 29, 34, 35, 36, 37, 38, 39, 40, 41, 42, 43, 44], "summary": {"covered_lines": 15, "num_statements": 15, "percent_covered": 100.0, "percent_covered_display": "100", "missing_lines": 0, "excluded_lines": 0}, "missing_lines": [], "excluded_lines": []}, "ReviewAnalysisService.active_backend_name": {"executed_lines": [48, 49, 50], "summary": {"covered_lines": 3, "num_statements": 3, "percent_covered": 100.0, "percent_covered_display": "100", "missing_lines": 0, "excluded_lines": 0}, "missing_lines": [], "excluded_lines": []}, "ReviewAnalysisService._model_provenance": {"executed_lines": [53], "summary": {"covered_lines": 1, "num_statements": 1, "percent_covered": 100.0, "percent_covered_display": "100", "missing_lines": 0, "excluded_lines": 0}, "missing_lines": [], "excluded_lines": []}, "ReviewAnalysisService._load_real_models_if_available": {"executed_lines": [65, 66, 67, 68, 69], "summary": {"covered_lines": 5, "num_statements": 11, "percent_covered": 45.45454545454545, "percent_covered_display": "45", "missing_lines": 6, "excluded_lines": 0}, "missing_lines": [70, 71, 72, 73, 74, 75], "excluded_lines": []}, "ReviewAnalysisService._load_transformer_sentiment_if_enabled": {"executed_lines": [82, 83, 84, 85, 89, 90, 98, 99, 100, 101, 102, 103, 104, 105, 106], "summary": {"covered_lines": 15, "num_statements": 18, "percent_covered": 83.33333333333333, "percent_covered_display": "83", "missing_lines": 3, "excluded_lines": 0}, "missing_lines": [86, 87, 88], "excluded_lines": []}, "ReviewAnalysisService._apply_transformer_sentiment": {"executed_lines": [113, 114, 115, 116, 127, 128, 129, 131], "summary": {"covered_lines": 8, "num_statements": 15, "percent_covered": 53.333333333333336, "percent_covered_display": "53", "missing_lines": 7, "excluded_lines": 0}, "missing_lines": [117, 118, 119, 120, 121, 125, 130], "excluded_lines": []}, "ReviewAnalysisService._detect_sentiment_conflicts": {"executed_lines": [135, 136, 137, 138, 139, 140, 141, 142, 143, 144, 145, 146], "summary": {"covered_lines": 12, "num_statements": 12, "percent_covered": 100.0, "percent_covered_display": "100", "missing_lines": 0, "excluded_lines": 0}, "missing_lines": [], "excluded_lines": []}, "ReviewAnalysisService.analyze": {"executed_lines": [156, 157, 158, 159, 167, 168, 169, 170, 171, 172, 178, 179, 180, 191], "summary": {"covered_lines": 14, "num_statements": 17, "percent_covered": 82.3529411764706, "percent_covered_display": "82", "missing_lines": 3, "excluded_lines": 0}, "missing_lines": [166, 189, 190], "excluded_lines": []}, "ReviewAnalysisService.analyze_dataframe": {"executed_lines": [200, 201, 202, 203, 209, 210, 211, 212, 213, 214, 215, 216], "summary": {"covered_lines": 12, "num_statements": 12, "percent_covered": 100.0, "percent_covered_display": "100", "missing_lines": 0, "excluded_lines": 0}, "missing_lines": [], "excluded_lines": []}, "ReviewAnalysisService.export_dataframe": {"executed_lines": [], "summary": {"covered_lines": 0, "num_statements": 1, "percent_covered": 0.0, "percent_covered_display": "0", "missing_lines": 1, "excluded_lines": 0}, "missing_lines": [219], "excluded_lines": []}, "ReviewAnalysisService.evaluate_dataframe": {"executed_lines": [222, 223, 224, 233], "summary": {"covered_lines": 4, "num_statements": 4, "percent_covered": 100.0, "percent_covered_display": "100", "missing_lines": 0, "excluded_lines": 0}, "missing_lines": [], "excluded_lines": []}, "ReviewAnalysisService.get_monitoring_metrics": {"executed_lines": [239], "summary": {"covered_lines": 1, "num_statements": 1, "percent_covered": 100.0, "percent_covered_display": "100", "missing_lines": 0, "excluded_lines": 0}, "missing_lines": [], "excluded_lines": []}, "get_review_analysis_service": {"executed_lines": [243], "summary": {"covered_lines": 1, "num_statements": 1, "percent_covered": 100.0, "percent_covered_display": "100", "missing_lines": 0, "excluded_lines": 0}, "missing_lines": [], "excluded_lines": []}, "": {"executed_lines": [1, 3, 4, 5, 6, 8, 10, 11, 12, 13, 14, 15, 16, 17, 18, 21, 24, 25, 46, 47, 52, 64, 81, 112, 133, 134, 148, 193, 218, 221, 238, 242], "summary": {"covered_lines": 32, "num_statements": 32, "percent_covered": 100.0, "percent_covered_display": "100", "missing_lines": 0, "excluded_lines": 0}, "missing_lines": [], "excluded_lines": []}}, "classes": {"ReviewAnalysisService": {"executed_lines": [26, 27, 28, 29, 34, 35, 36, 37, 38, 39, 40, 41, 42, 43, 44, 48, 49, 50, 53, 65, 66, 67, 68, 69, 82, 83, 84, 85, 89, 90, 98, 99, 100, 101, 102, 103, 104, 105, 106, 113, 114, 115, 116, 127, 128, 129, 131, 135, 136, 137, 138, 139, 140, 141, 142, 143, 144, 145, 146, 156, 157, 158, 159, 167, 168, 169, 170, 171, 172, 178, 179, 180, 191, 200, 201, 202, 203, 209, 210, 211, 212, 213, 214, 215, 216, 222, 223, 224, 233, 239], "summary": {"covered_lines": 90, "num_statements": 110, "percent_covered": 81.81818181818181, "percent_covered_display": "82", "missing_lines": 20, "excluded_lines": 0}, "missing_lines": [70, 71, 72, 73, 74, 75, 86, 87, 88, 117, 118, 119, 120, 121, 125, 130, 166, 189, 190, 219], "excluded_lines": []}, "": {"executed_lines": [1, 3, 4, 5, 6, 8, 10, 11, 12, 13, 14, 15, 16, 17, 18, 21, 24, 25, 46, 47, 52, 64, 81, 112, 133, 134, 148, 193, 218, 221, 238, 242, 243], "summary": {"covered_lines": 33, "num_statements": 33, "percent_covered": 100.0, "percent_covered_display": "100", "missing_lines": 0, "excluded_lines": 0}, "missing_lines": [], "excluded_lines": []}}}, "src\\review_insights\\settings.py": {"executed_lines": [1, 3, 4, 6, 9, 10, 11, 12, 15, 16, 17, 18, 19, 22, 23, 24, 25, 26, 27, 28, 29, 30, 31, 32, 33, 34, 35, 36, 37, 38, 44, 50, 56, 59, 62, 63, 64, 65, 66, 67, 68, 69, 70, 71, 74, 75, 76, 77, 80, 81], "summary": {"covered_lines": 50, "num_statements": 50, "percent_covered": 100.0, "percent_covered_display": "100", "missing_lines": 0, "excluded_lines": 0}, "missing_lines": [], "excluded_lines": [], "functions": {"_parse_csv_env": {"executed_lines": [10, 11, 12], "summary": {"covered_lines": 3, "num_statements": 3, "percent_covered": 100.0, "percent_covered_display": "100", "missing_lines": 0, "excluded_lines": 0}, "missing_lines": [], "excluded_lines": []}, "_parse_bool_env": {"executed_lines": [16, 17, 18, 19], "summary": {"covered_lines": 4, "num_statements": 4, "percent_covered": 100.0, "percent_covered_display": "100", "missing_lines": 0, "excluded_lines": 0}, "missing_lines": [], "excluded_lines": []}, "get_settings": {"executed_lines": [81], "summary": {"covered_lines": 1, "num_statements": 1, "percent_covered": 100.0, "percent_covered_display": "100", "missing_lines": 0, "excluded_lines": 0}, "missing_lines": [], "excluded_lines": []}, "": {"executed_lines": [1, 3, 4, 6, 9, 15, 22, 23, 24, 25, 26, 27, 28, 29, 30, 31, 32, 33, 34, 35, 36, 37, 38, 44, 50, 56, 59, 62, 63, 64, 65, 66, 67, 68, 69, 70, 71, 74, 75, 76, 77, 80], "summary": {"covered_lines": 42, "num_statements": 42, "percent_covered": 100.0, "percent_covered_display": "100", "missing_lines": 0, "excluded_lines": 0}, "missing_lines": [], "excluded_lines": []}}, "classes": {"Settings": {"executed_lines": [], "summary": {"covered_lines": 0, "num_statements": 0, "percent_covered": 100.0, "percent_covered_display": "100", "missing_lines": 0, "excluded_lines": 0}, "missing_lines": [], "excluded_lines": []}, "": {"executed_lines": [1, 3, 4, 6, 9, 10, 11, 12, 15, 16, 17, 18, 19, 22, 23, 24, 25, 26, 27, 28, 29, 30, 31, 32, 33, 34, 35, 36, 37, 38, 44, 50, 56, 59, 62, 63, 64, 65, 66, 67, 68, 69, 70, 71, 74, 75, 76, 77, 80, 81], "summary": {"covered_lines": 50, "num_statements": 50, "percent_covered": 100.0, "percent_covered_display": "100", "missing_lines": 0, "excluded_lines": 0}, "missing_lines": [], "excluded_lines": []}}}, "src\\review_insights\\transformer_sentiment.py": {"executed_lines": [1, 3, 4, 5, 6, 8, 9, 12, 13, 14, 22, 25, 26, 27, 28, 29, 32, 33, 34, 35, 36, 39, 40, 41, 42, 43, 44, 50, 58, 59, 60, 62, 69, 70, 75, 78, 79, 80, 81, 83, 87, 94, 95, 97, 144], "summary": {"covered_lines": 45, "num_statements": 68, "percent_covered": 66.17647058823529, "percent_covered_display": "66", "missing_lines": 23, "excluded_lines": 0}, "missing_lines": [47, 76, 82, 107, 108, 109, 110, 111, 115, 116, 118, 119, 120, 121, 122, 123, 125, 126, 136, 137, 138, 142, 145], "excluded_lines": [], "functions": {"_softmax": {"executed_lines": [33, 34, 35, 36], "summary": {"covered_lines": 4, "num_statements": 4, "percent_covered": 100.0, "percent_covered_display": "100", "missing_lines": 0, "excluded_lines": 0}, "missing_lines": [], "excluded_lines": []}, "_load_label_map": {"executed_lines": [40, 41, 42, 43, 44], "summary": {"covered_lines": 5, "num_statements": 6, "percent_covered": 83.33333333333333, "percent_covered_display": "83", "missing_lines": 1, "excluded_lines": 0}, "missing_lines": [47], "excluded_lines": []}, "predict_with_components": {"executed_lines": [58, 59, 60, 62, 69, 70, 75, 78, 79, 80, 81, 83, 87], "summary": {"covered_lines": 13, "num_statements": 15, "percent_covered": 86.66666666666667, "percent_covered_display": "87", "missing_lines": 2, "excluded_lines": 0}, "missing_lines": [76, 82], "excluded_lines": []}, "OnnxSentimentBackend.__init__": {"executed_lines": [], "summary": {"covered_lines": 0, "num_statements": 19, "percent_covered": 0.0, "percent_covered_display": "0", "missing_lines": 19, "excluded_lines": 0}, "missing_lines": [107, 108, 109, 110, 111, 115, 116, 118, 119, 120, 121, 122, 123, 125, 126, 136, 137, 138, 142], "excluded_lines": []}, "OnnxSentimentBackend.predict": {"executed_lines": [], "summary": {"covered_lines": 0, "num_statements": 1, "percent_covered": 0.0, "percent_covered_display": "0", "missing_lines": 1, "excluded_lines": 0}, "missing_lines": [145], "excluded_lines": []}, "": {"executed_lines": [1, 3, 4, 5, 6, 8, 9, 12, 13, 14, 22, 25, 26, 27, 28, 29, 32, 39, 50, 94, 95, 97, 144], "summary": {"covered_lines": 23, "num_statements": 23, "percent_covered": 100.0, "percent_covered_display": "100", "missing_lines": 0, "excluded_lines": 0}, "missing_lines": [], "excluded_lines": []}}, "classes": {"SentimentPrediction": {"executed_lines": [], "summary": {"covered_lines": 0, "num_statements": 0, "percent_covered": 100.0, "percent_covered_display": "100", "missing_lines": 0, "excluded_lines": 0}, "missing_lines": [], "excluded_lines": []}, "OnnxSentimentBackend": {"executed_lines": [], "summary": {"covered_lines": 0, "num_statements": 20, "percent_covered": 0.0, "percent_covered_display": "0", "missing_lines": 20, "excluded_lines": 0}, "missing_lines": [107, 108, 109, 110, 111, 115, 116, 118, 119, 120, 121, 122, 123, 125, 126, 136, 137, 138, 142, 145], "excluded_lines": []}, "": {"executed_lines": [1, 3, 4, 5, 6, 8, 9, 12, 13, 14, 22, 25, 26, 27, 28, 29, 32, 33, 34, 35, 36, 39, 40, 41, 42, 43, 44, 50, 58, 59, 60, 62, 69, 70, 75, 78, 79, 80, 81, 83, 87, 94, 95, 97, 144], "summary": {"covered_lines": 45, "num_statements": 48, "percent_covered": 93.75, "percent_covered_display": "94", "missing_lines": 3, "excluded_lines": 0}, "missing_lines": [47, 76, 82], "excluded_lines": []}}}}, "totals": {"covered_lines": 2207, "num_statements": 2818, "percent_covered": 78.3179559971611, "percent_covered_display": "78", "missing_lines": 611, "excluded_lines": 0}}